<?xml version="1.0" encoding="UTF-8"?>
<!-- Generated by org.testng.reporters.JUnitXMLReporter -->
<testsuite ignored="0" hostname="akhilsurigi.local" failures="0" tests="2" name="Surefire test" time="72.551" errors="0" timestamp="2025-06-12T13:07:55 IST">
  <testcase classname="UnbxdTests.testNG.consoleui.GBFiltersTest" name="@BeforeClass setUp" time="72.011">
    <failure type="org.fluentlenium.core.exception.ConstructionException" message="No constructor found on class core.consoleui.actions.GBFiltersActions">
      <![CDATA[org.fluentlenium.core.exception.ConstructionException: No constructor found on class core.consoleui.actions.GBFiltersActions
at org.fluentlenium.core.FluentAdapter.initClass(FluentAdapter.java:100)
at org.fluentlenium.core.FluentAdapter.injectPageIntoContainer(FluentAdapter.java:61)
at org.fluentlenium.core.FluentAdapter.initTest(FluentAdapter.java:42)
at UnbxdTests.testNG.consoleui.GBFiltersTest.setUp(GBFiltersTest.java:35)
at java.base/java.util.ArrayList.forEach(ArrayList.java:1511)
Caused by: java.lang.NoSuchMethodException: core.consoleui.actions.GBFiltersActions.<init>()
at java.base/java.lang.Class.getConstructor0(Class.java:3585)
at java.base/java.lang.Class.getDeclaredConstructor(Class.java:2754)
at org.fluentlenium.core.FluentAdapter.initClass(FluentAdapter.java:84)
... 34 more
... Removed 30 stack frames]]>
    </failure>
  </testcase> <!-- @BeforeClass setUp -->
  <testcase classname="UnbxdTests.testNG.consoleui.GBFiltersTest" name="@AfterClass tearDown" time="0.0">
    <skipped/>
  </testcase> <!-- @AfterClass tearDown -->
  <testcase classname="UnbxdTests.testNG.ui.BaseTest" name="@AfterClass removeContextForTest" time="0.002">
    <failure type="java.lang.NullPointerException" message="Cannot invoke &amp;quot;lib.config.Context.getUserId()&amp;quot; because the return value of &amp;quot;java.lang.ThreadLocal.get()&amp;quot; is null">
      <![CDATA[java.lang.NullPointerException: Cannot invoke "lib.config.Context.getUserId()" because the return value of "java.lang.ThreadLocal.get()" is null
at lib.EnvironmentConfig.unSetContext(EnvironmentConfig.java:139)
at UnbxdTests.testNG.ui.BaseTest.removeContextForTest(BaseTest.java:76)
at java.base/java.util.ArrayList.forEach(ArrayList.java:1511)
... Removed 30 stack frames]]>
    </failure>
  </testcase> <!-- @AfterClass removeContextForTest -->
  <testcase classname="UnbxdTests.testNG.consoleui.GBFiltersTest" name="sanityTest" time="0.0">
    <skipped/>
  </testcase> <!-- sanityTest -->
  <testcase classname="UnbxdTests.testNG.consoleui.GBFiltersTest" name="testGBFiltersWorkflow" time="0.0">
    <skipped/>
  </testcase> <!-- testGBFiltersWorkflow -->
</testsuite> <!-- Surefire test -->
