<?xml version="1.0" encoding="UTF-8"?>
<!-- Generated by org.testng.reporters.JUnitXMLReporter -->
<testsuite ignored="0" hostname="akhilsurigi.local" failures="0" tests="9" name="Core Algorithms" time="454.945" errors="0" timestamp="2025-06-30T00:00:52 IST">
  <testcase classname="UnbxdTests.testNG.consoleui.topsellersCustomAlgoTest" name="testCustomAlgorithm" time="62.378"/>
  <testcase classname="UnbxdTests.testNG.consoleui.CustomAlgorithmsTest" name="testCustomAlgorithm" time="70.226"/>
  <testcase classname="UnbxdTests.testNG.consoleui.CoreAlgorithmsTest" name="testNavigateToCoreAlgorithmsPage" time="84.65"/>
  <testcase classname="UnbxdTests.testNG.consoleui.topsellersCustomAlgoTest" name="testCustomAlgorithm" time="50.595"/>
  <testcase classname="UnbxdTests.testNG.consoleui.CustomAlgorithmsTest" name="testCustomAlgorithm" time="58.196"/>
  <testcase classname="UnbxdTests.testNG.consoleui.CustomAlgorithmsTest" name="testCustomAlgorithm" time="78.022"/>
  <testcase classname="UnbxdTests.testNG.consoleui.CustomAlgorithmsTest" name="testCustomAlgorithm" time="77.169"/>
  <testcase classname="UnbxdTests.testNG.consoleui.CustomAlgorithmsTest" name="testCustomAlgorithm" time="78.605"/>
  <testcase classname="UnbxdTests.testNG.consoleui.CustomAlgorithmsTest" name="testCustomAlgorithm" time="78.695"/>
</testsuite> <!-- Core Algorithms -->
