<?xml version="1.0" encoding="UTF-8"?>
<!-- Generated by org.testng.reporters.JUnitXMLReporter -->
<testsuite ignored="0" hostname="akhilsurigi.local" failures="0" tests="9" name="Core Algorithms" time="455.079" errors="0" timestamp="2025-06-27T14:34:39 IST">
  <testcase classname="UnbxdTests.testNG.consoleui.topsellersCustomAlgoTest" name="testCustomAlgorithm" time="54.459"/>
  <testcase classname="UnbxdTests.testNG.consoleui.CustomAlgorithmsTest" name="testCustomAlgorithm" time="60.643"/>
  <testcase classname="UnbxdTests.testNG.consoleui.CoreAlgorithmsTest" name="testNavigateToCoreAlgorithmsPage" time="83.141"/>
  <testcase classname="UnbxdTests.testNG.consoleui.topsellersCustomAlgoTest" name="testCustomAlgorithm" time="70.132"/>
  <testcase classname="UnbxdTests.testNG.consoleui.CustomAlgorithmsTest" name="testCustomAlgorithm" time="75.852"/>
  <testcase classname="UnbxdTests.testNG.consoleui.CustomAlgorithmsTest" name="testCustomAlgorithm" time="75.609"/>
  <testcase classname="UnbxdTests.testNG.consoleui.CustomAlgorithmsTest" name="testCustomAlgorithm" time="75.86"/>
  <testcase classname="UnbxdTests.testNG.consoleui.CustomAlgorithmsTest" name="testCustomAlgorithm" time="76.462"/>
  <testcase classname="UnbxdTests.testNG.consoleui.CustomAlgorithmsTest" name="testCustomAlgorithm" time="76.667"/>
</testsuite> <!-- Core Algorithms -->
