<?xml version="1.0" encoding="UTF-8"?>
<testsuite xmlns:xsi="http://www.w3.org/2001/XMLSchema-instance" xsi:noNamespaceSchemaLocation="https://maven.apache.org/surefire/maven-surefire-plugin/xsd/surefire-test-report.xsd" name="TestSuite" time="557.169" tests="42" errors="0" skipped="0" failures="30">
  <properties>
[...]
</properties>
  <testcase name="testNavigateToCoreAlgorithmsPage" classname="UnbxdTests.testNG.consoleui.CoreAlgorithmsTest" time="58.666">
    <failure message="no such element: Unable to locate element: {&quot;method&quot;:&quot;css selector&quot;,&quot;selector&quot;:&quot;input[placeholder=&apos;Search for Product Rule&apos;]&quot;}&#10;  (Session info: chrome=137.0.7151.69)&#10;  (Driver info: chromedriver=136.0.7103.92 (cb81a4cc5087a8303a6c8827ee2b80b71d26e334-refs/branch-heads/7103@{#1840}),platform=Mac OS X 14.7.6 x86_64) (WARNING: The server did not provide any stacktrace information)&#10;Command duration or timeout: 20.06 seconds&#10;For documentation on this error, please visit: http://seleniumhq.org/exceptions/no_such_element.html&#10;Build info: version: &apos;2.53.1&apos;, revision: &apos;a36b8b1cd5757287168e54b817830adce9b0158d&apos;, time: &apos;2016-06-30 19:26:09&apos;&#10;System info: host: &apos;akhilsurigi.local&apos;, ip: &apos;127.0.0.1&apos;, os.name: &apos;Mac OS X&apos;, os.arch: &apos;x86_64&apos;, os.version: &apos;14.7.6&apos;, java.version: &apos;17.0.11&apos;&#10;Driver info: org.openqa.selenium.chrome.ChromeDriver&#10;Capabilities [{mobileEmulationEnabled=false, timeouts={implicit=0, pageLoad=300000, script=30000}, hasTouchScreen=false, platform=MAC, acceptSslCerts=false, goog:chromeOptions={debuggerAddress=localhost:65452}, webauthn:extension:credBlob=true, acceptInsecureCerts=false, fedcm:accounts=true, webStorageEnabled=true, browserName=chrome, takesScreenshot=true, javascriptEnabled=true, setWindowRect=true, webauthn:extension:largeBlob=true, unexpectedAlertBehaviour=ignore, rotatable=false, networkConnectionEnabled=false, chrome={chromedriverVersion=136.0.7103.92 (cb81a4cc5087a8303a6c8827ee2b80b71d26e334-refs/branch-heads/7103@{#1840}), userDataDir=/var/folders/jq/g7t0y59s7lnbqlgfqv3kgyph0000gn/T/.org.chromium.Chromium.DFrt9Y}, takesHeapSnapshot=true, pageLoadStrategy=normal, strictFileInteractability=false, databaseEnabled=false, handlesAlerts=true, version=137.0.7151.69, browserConnectionEnabled=false, proxy={}, nativeEvents=true, webauthn:extension:minPinLength=true, webauthn:extension:prf=true, locationContextEnabled=true, cssSelectorsEnabled=true, webauthn:virtualAuthenticators=true}]&#10;Session ID: d640cb43abc5219f64c31b913d6a4e7d&#10;*** Element info: {Using=css selector, value=input[placeholder=&apos;Search for Product Rule&apos;]}" type="org.openqa.selenium.NoSuchElementException">org.openqa.selenium.NoSuchElementException: 
no such element: Unable to locate element: {"method":"css selector","selector":"input[placeholder='Search for Product Rule']"}
  (Session info: chrome=137.0.7151.69)
  (Driver info: chromedriver=136.0.7103.92 (cb81a4cc5087a8303a6c8827ee2b80b71d26e334-refs/branch-heads/7103@{#1840}),platform=Mac OS X 14.7.6 x86_64) (WARNING: The server did not provide any stacktrace information)
Command duration or timeout: 20.06 seconds
For documentation on this error, please visit: http://seleniumhq.org/exceptions/no_such_element.html
Build info: version: '2.53.1', revision: 'a36b8b1cd5757287168e54b817830adce9b0158d', time: '2016-06-30 19:26:09'
System info: host: 'akhilsurigi.local', ip: '127.0.0.1', os.name: 'Mac OS X', os.arch: 'x86_64', os.version: '14.7.6', java.version: '17.0.11'
Driver info: org.openqa.selenium.chrome.ChromeDriver
Capabilities [{mobileEmulationEnabled=false, timeouts={implicit=0, pageLoad=300000, script=30000}, hasTouchScreen=false, platform=MAC, acceptSslCerts=false, goog:chromeOptions={debuggerAddress=localhost:65452}, webauthn:extension:credBlob=true, acceptInsecureCerts=false, fedcm:accounts=true, webStorageEnabled=true, browserName=chrome, takesScreenshot=true, javascriptEnabled=true, setWindowRect=true, webauthn:extension:largeBlob=true, unexpectedAlertBehaviour=ignore, rotatable=false, networkConnectionEnabled=false, chrome={chromedriverVersion=136.0.7103.92 (cb81a4cc5087a8303a6c8827ee2b80b71d26e334-refs/branch-heads/7103@{#1840}), userDataDir=/var/folders/jq/g7t0y59s7lnbqlgfqv3kgyph0000gn/T/.org.chromium.Chromium.DFrt9Y}, takesHeapSnapshot=true, pageLoadStrategy=normal, strictFileInteractability=false, databaseEnabled=false, handlesAlerts=true, version=137.0.7151.69, browserConnectionEnabled=false, proxy={}, nativeEvents=true, webauthn:extension:minPinLength=true, webauthn:extension:prf=true, locationContextEnabled=true, cssSelectorsEnabled=true, webauthn:virtualAuthenticators=true}]
Session ID: d640cb43abc5219f64c31b913d6a4e7d
*** Element info: {Using=css selector, value=input[placeholder='Search for Product Rule']}
	at UnbxdTests.testNG.consoleui.CoreAlgorithmsTest.testNavigateToCoreAlgorithmsPage(CoreAlgorithmsTest.java:68)
</failure>
    <system-out><![CDATA[Starting setUp in BaseTest...
Starting setUp in BaseTest...
Starting setUp in BaseTest...
Creating BrowserInitializer...
Creating BrowserInitializer...
Creating BrowserInitializer...
Trying to load: ProdUS.yaml, InputStream is null? false
Trying to load: ProdUS.yaml, InputStream is null? false
Trying to load: ProdUS.yaml, InputStream is null? false
Initializing browser...
Initializing browser...
[DEBUG] Browser from config: chrome
[DEBUG] Browser from config: chrome
Initializing browser...
[DEBUG] Browser from config: chrome
[DEBUG] initDriver called for browser: CHROME
[DEBUG] Using ChromeDriver path: src/main/resources/driver/chromedriver
[DEBUG] initDriver called for browser: CHROME
[DEBUG] initDriver called for browser: CHROME
[DEBUG] Using ChromeDriver path: src/main/resources/driver/chromedriver
[DEBUG] Using ChromeDriver path: src/main/resources/driver/chromedriver
[DEBUG] WebDriver successfully created: org.openqa.selenium.chrome.ChromeDriver
[DEBUG] WebDriver successfully created: org.openqa.selenium.chrome.ChromeDriver
[DEBUG] WebDriver successfully created: org.openqa.selenium.chrome.ChromeDriver
Getting driver from initializer...
Getting driver from initializer...
Driver status after initialization: Driver exists
Driver status after initialization: Driver exists
Initializing FluentLenium adapter...
Initializing FluentLenium adapter...
FluentLenium initialization completed
FluentLenium initialization completed
Initializing test...
Initializing test...
Getting driver from initializer...
Driver status after initialization: Driver exists
Initializing FluentLenium adapter...
FluentLenium initialization completed
Initializing test...
Test initialization completed
Test initialization completed
Test initialization completed
Setting the Context UserId:1 , siteId : 1
Setting the Context UserId:1 , siteId : 1
Setting the Context UserId:1 , siteId : 1
]]></system-out>
    <system-err><![CDATA[SLF4J: Failed to load class "org.slf4j.impl.StaticLoggerBinder".
SLF4J: Defaulting to no-operation (NOP) logger implementation
SLF4J: See http://www.slf4j.org/codes.html#StaticLoggerBinder for further details.
log4j:WARN No appenders could be found for logger (org.apache.commons.configuration.PropertiesConfiguration).
log4j:WARN No appenders could be found for logger (org.apache.commons.configuration.PropertiesConfiguration).
log4j:WARN Please initialize the log4j system properly.
log4j:WARN No appenders could be found for logger (org.apache.commons.configuration.PropertiesConfiguration).
log4j:WARN Please initialize the log4j system properly.
log4j:WARN Please initialize the log4j system properly.
log4j:WARN See http://logging.apache.org/log4j/1.2/faq.html#noconfig for more info.
log4j:WARN See http://logging.apache.org/log4j/1.2/faq.html#noconfig for more info.
log4j:WARN See http://logging.apache.org/log4j/1.2/faq.html#noconfig for more info.
StartinSgtarti Cng hSrtarting ChromeDrChromeDriver 136.0.7103.92 (cb81a4cc5087a8303a6c8827ee2b80b71d26e334-refs/branch-heads/7103@{#1840}) on port 13520
Only local connections are allowed.
Please see https://chromedriver.chromium.org/security-considerations for suggestions on keeping ChromeDriver safe.
iver 136.0.7103.92 (cb81a4cc5087a8303a6c8827ee2b80b71d26e334-refs/branch-heads/7103@{#omeDriver 136.0.7103.92 (cb81a4cc5087a8303a6c8827ee2b80b71d26e334-refs/branch-heads/7103@{#1840}) on port 10660
Only local connections are allowed.
Please see https://chromedriver.chromium.org/security-considerations for suggestions on keeping ChromeDriver safe.
ChromeDriver was started successfully on port 10660.
ChromeDriver was started su1840}) on pccessfully on port 13520.
ort 10831
Only local connections are allowed.
Please see https://chromedriver.chromium.org/security-considerations for suggestions on keeping ChromeDriver safe.
ChromeDriver was started successfully on port 10831.
[17[1749708211.119][WARNING]: This version of ChromeDriver has not been tested with Chrome version 137.
49708211.119][WARNING]: This version of ChromeDriver has not been tested with Chrome version 137.
[1749708211.164][WARNING]: This version of ChromeDriver has not been tested with Chrome version 137.
]]></system-err>
  </testcase>
  <testcase name="testNavigateToCoreAlgorithmsPage" classname="UnbxdTests.testNG.consoleui.CoreAlgorithmsTest" time="58.668">
    <failure message="Cannot invoke &quot;com.aventstack.extentreports.ExtentTest.createNode(String, String)&quot; because the return value of &quot;java.lang.ThreadLocal.get()&quot; is null" type="java.lang.NullPointerException">java.lang.NullPointerException: Cannot invoke "com.aventstack.extentreports.ExtentTest.createNode(String, String)" because the return value of "java.lang.ThreadLocal.get()" is null
</failure>
  </testcase>
  <testcase name="testCustomAlgorithm" classname="UnbxdTests.testNG.consoleui.topsellersCustomAlgoTest" time="69.549"/>
  <testcase name="testCustomAlgorithm" classname="UnbxdTests.testNG.consoleui.topsellersCustomAlgoTest" time="69.55">
    <failure message="Cannot invoke &quot;com.aventstack.extentreports.ExtentTest.createNode(String, String)&quot; because the return value of &quot;java.lang.ThreadLocal.get()&quot; is null" type="java.lang.NullPointerException">java.lang.NullPointerException: Cannot invoke "com.aventstack.extentreports.ExtentTest.createNode(String, String)" because the return value of "java.lang.ThreadLocal.get()" is null
</failure>
  </testcase>
  <testcase name="testCustomAlgorithm" classname="UnbxdTests.testNG.consoleui.CustomAlgorithmsTest" time="74.225"/>
  <testcase name="testCustomAlgorithm" classname="UnbxdTests.testNG.consoleui.CustomAlgorithmsTest" time="74.225">
    <failure message="Cannot invoke &quot;com.aventstack.extentreports.ExtentTest.createNode(String, String)&quot; because the return value of &quot;java.lang.ThreadLocal.get()&quot; is null" type="java.lang.NullPointerException">java.lang.NullPointerException: Cannot invoke "com.aventstack.extentreports.ExtentTest.createNode(String, String)" because the return value of "java.lang.ThreadLocal.get()" is null
</failure>
  </testcase>
  <testcase name="createBroadCastExperience" classname="UnbxdTests.testNG.consoleui.broadCastPageTest" time="34.628">
    <failure message="no such element: Unable to locate element: {&quot;method&quot;:&quot;xpath&quot;,&quot;selector&quot;:&quot;//span[normalize-space()=&apos;Broadcast Page&apos;]&quot;}&#10;  (Session info: chrome=137.0.7151.69)&#10;  (Driver info: chromedriver=136.0.7103.92 (cb81a4cc5087a8303a6c8827ee2b80b71d26e334-refs/branch-heads/7103@{#1840}),platform=Mac OS X 14.7.6 x86_64) (WARNING: The server did not provide any stacktrace information)&#10;Command duration or timeout: 20.03 seconds&#10;For documentation on this error, please visit: http://seleniumhq.org/exceptions/no_such_element.html&#10;Build info: version: &apos;2.53.1&apos;, revision: &apos;a36b8b1cd5757287168e54b817830adce9b0158d&apos;, time: &apos;2016-06-30 19:26:09&apos;&#10;System info: host: &apos;akhilsurigi.local&apos;, ip: &apos;127.0.0.1&apos;, os.name: &apos;Mac OS X&apos;, os.arch: &apos;x86_64&apos;, os.version: &apos;14.7.6&apos;, java.version: &apos;17.0.11&apos;&#10;Driver info: org.openqa.selenium.chrome.ChromeDriver&#10;Capabilities [{mobileEmulationEnabled=false, timeouts={implicit=0, pageLoad=300000, script=30000}, hasTouchScreen=false, platform=MAC, acceptSslCerts=false, goog:chromeOptions={debuggerAddress=localhost:49772}, webauthn:extension:credBlob=true, acceptInsecureCerts=false, fedcm:accounts=true, webStorageEnabled=true, browserName=chrome, takesScreenshot=true, javascriptEnabled=true, setWindowRect=true, webauthn:extension:largeBlob=true, unexpectedAlertBehaviour=ignore, rotatable=false, networkConnectionEnabled=false, chrome={chromedriverVersion=136.0.7103.92 (cb81a4cc5087a8303a6c8827ee2b80b71d26e334-refs/branch-heads/7103@{#1840}), userDataDir=/var/folders/jq/g7t0y59s7lnbqlgfqv3kgyph0000gn/T/.org.chromium.Chromium.g4NbZs}, takesHeapSnapshot=true, pageLoadStrategy=normal, strictFileInteractability=false, databaseEnabled=false, handlesAlerts=true, version=137.0.7151.69, browserConnectionEnabled=false, proxy={}, nativeEvents=true, webauthn:extension:minPinLength=true, webauthn:extension:prf=true, locationContextEnabled=true, cssSelectorsEnabled=true, webauthn:virtualAuthenticators=true}]&#10;Session ID: c841c06cbd12c2835651ca322db5c4a1&#10;*** Element info: {Using=xpath, value=//span[normalize-space()=&apos;Broadcast Page&apos;]}" type="org.openqa.selenium.NoSuchElementException">org.openqa.selenium.NoSuchElementException: 
no such element: Unable to locate element: {"method":"xpath","selector":"//span[normalize-space()='Broadcast Page']"}
  (Session info: chrome=137.0.7151.69)
  (Driver info: chromedriver=136.0.7103.92 (cb81a4cc5087a8303a6c8827ee2b80b71d26e334-refs/branch-heads/7103@{#1840}),platform=Mac OS X 14.7.6 x86_64) (WARNING: The server did not provide any stacktrace information)
Command duration or timeout: 20.03 seconds
For documentation on this error, please visit: http://seleniumhq.org/exceptions/no_such_element.html
Build info: version: '2.53.1', revision: 'a36b8b1cd5757287168e54b817830adce9b0158d', time: '2016-06-30 19:26:09'
System info: host: 'akhilsurigi.local', ip: '127.0.0.1', os.name: 'Mac OS X', os.arch: 'x86_64', os.version: '14.7.6', java.version: '17.0.11'
Driver info: org.openqa.selenium.chrome.ChromeDriver
Capabilities [{mobileEmulationEnabled=false, timeouts={implicit=0, pageLoad=300000, script=30000}, hasTouchScreen=false, platform=MAC, acceptSslCerts=false, goog:chromeOptions={debuggerAddress=localhost:49772}, webauthn:extension:credBlob=true, acceptInsecureCerts=false, fedcm:accounts=true, webStorageEnabled=true, browserName=chrome, takesScreenshot=true, javascriptEnabled=true, setWindowRect=true, webauthn:extension:largeBlob=true, unexpectedAlertBehaviour=ignore, rotatable=false, networkConnectionEnabled=false, chrome={chromedriverVersion=136.0.7103.92 (cb81a4cc5087a8303a6c8827ee2b80b71d26e334-refs/branch-heads/7103@{#1840}), userDataDir=/var/folders/jq/g7t0y59s7lnbqlgfqv3kgyph0000gn/T/.org.chromium.Chromium.g4NbZs}, takesHeapSnapshot=true, pageLoadStrategy=normal, strictFileInteractability=false, databaseEnabled=false, handlesAlerts=true, version=137.0.7151.69, browserConnectionEnabled=false, proxy={}, nativeEvents=true, webauthn:extension:minPinLength=true, webauthn:extension:prf=true, locationContextEnabled=true, cssSelectorsEnabled=true, webauthn:virtualAuthenticators=true}]
Session ID: c841c06cbd12c2835651ca322db5c4a1
*** Element info: {Using=xpath, value=//span[normalize-space()='Broadcast Page']}
	at UnbxdTests.testNG.consoleui.broadCastPageTest.createBroadCastExperience(broadCastPageTest.java:52)
</failure>
    <system-out><![CDATA[Removing the Context userId: 1 , SiteId: 1Starting setUp in BaseTest...
Creating BrowserInitializer...
Starting setUp in BaseTest...
Creating BrowserInitializer...
Initializing browser...
Initializing browser...
[DEBUG] Browser from config: chrome
[DEBUG] Browser from config: chrome
Starting setUp in BaseTest...
[DEBUG] initDriver called for browser: CHROME
Creating BrowserInitializer...
[DEBUG] Using ChromeDriver path: src/main/resources/driver/chromedriver
[DEBUG] initDriver called for browser: CHROME
[DEBUG] Using ChromeDriver path: src/main/resources/driver/chromedriver
Initializing browser...
[DEBUG] Browser from config: chrome
[DEBUG] initDriver called for browser: CHROME
[DEBUG] Using ChromeDriver path: src/main/resources/driver/chromedriver
Starting setUp in BaseTest...
Creating BrowserInitializer...
Initializing browser...
[DEBUG] Browser from config: chrome
[DEBUG] initDriver called for browser: CHROME
[DEBUG] Using ChromeDriver path: src/main/resources/driver/chromedriver
[DEBUG] WebDriver successfully created: org.openqa.selenium.chrome.ChromeDriver
[DEBUG] WebDriver successfully created: org.openqa.selenium.chrome.ChromeDriver
[DEBUG] WebDriver successfully created: org.openqa.selenium.chrome.ChromeDriver
[DEBUG] WebDriver successfully created: org.openqa.selenium.chrome.ChromeDriver
Getting driver from initializer...
Driver status after initialization: Driver exists
Initializing FluentLenium adapter...
FluentLenium initialization completed
Initializing test...
Getting driver from initializer...
Driver status after initialization: Driver exists
Initializing FluentLenium adapter...
FluentLenium initialization completed
Initializing test...
Test initialization completed
Test initialization completed
Setting the Context UserId:1 , siteId : 1
Setting the Context UserId:1 , siteId : 1
Getting driver from initializer...
Driver status after initialization: Driver exists
Initializing FluentLenium adapter...
FluentLenium initialization completed
Initializing test...
Getting driver from initializer...
Driver status after initialization: Driver exists
Initializing FluentLenium adapter...
FluentLenium initialization completed
Initializing test...
Test initialization completed
Test initialization completed
Setting the Context UserId:1 , siteId : 1
Setting the Context UserId:2 , siteId : 1
Closed 'No Thanks' popup.
Closed 'No Thanks' popup.
Closed 'No Thanks' popup.
Closed 'No Thanks' popup.
Available widget options:
''
''
''
''
''
''
'No Widget'
'WIDGET 1'
Available widget options:
''
''
''
''
''
''
'No Widget'
'WIDGET 1'
Available widget options:
'No Widget'
'WIDGET 1'
'WIDGET 2'
]]></system-out>
    <system-err><![CDATA[Exception in thread "TestNG-test=Core Algorithms-2" java.lang.NullPointerException: Cannot invoke "com.aventstack.extentreports.ExtentTest.createNode(String, String)" because the return value of "java.lang.ThreadLocal.get()" is null
	at core.reporting.ExtentTestNGITestListener.onTestFailure(ExtentTestNGITestListener.java:46)
	at org.testng.internal.TestListenerHelper.runTestListeners(TestListenerHelper.java:99)
	at org.testng.internal.invokers.TestInvoker.runTestResultListener(TestInvoker.java:277)
	at org.testng.internal.invokers.TestInvoker$MethodInvocationAgent.invoke(TestInvoker.java:985)
	at org.testng.internal.invokers.TestInvoker.invokeTestMethods(TestInvoker.java:194)
	at org.testng.internal.invokers.TestMethodWorker.invokeTestMethods(TestMethodWorker.java:148)
	at org.testng.internal.invokers.TestMethodWorker.run(TestMethodWorker.java:128)
	at java.base/java.util.concurrent.ThreadPoolExecutor.runWorker(ThreadPoolExecutor.java:1136)
	at java.base/java.util.concurrent.ThreadPoolExecutor$Worker.run(ThreadPoolExecutor.java:635)
	at java.base/java.lang.Thread.run(Thread.java:840)
Starting ChromeDriver 136.0.7103.92 (cb81a4cc5087a8303a6c882Starting ChromeDriver 136.0.7103.92 (cb81a4cc5087a87ee2b80b71d26e334-refs/branch-heads/7103@{#1840}) on port 17863
Only local 3c0onnections are allowed.
Please see https://chromedriver.chromium.org/security-considerations f3a6c8827ee2b80b71d26e334-refs/bor suggerancstih-heads/7ons on ke103@{#epi18ng Chr40}) on pomeDriver safe.ort 17147
Onl
y local connections are allowed.
Please see https://chromedriver.chromium.org/security-considerations for suggestions on keeping ChromeDriver safe.
Starting ChromeDriver 136.0.7103.92 (cb81a4cc5087a8303a6c8827Cee2b80b71d26e334-refs/branch-heads/7hromeDr103@{#1ChromeDriver waivers started succes840}) on port 22455
Only local connsecti wons arfully oe aas startedllowen pd. suc
Pleort 17147ase cessfullsee ht.
tps://chromedry on porivSt 17863tarerting ChromeDriver 136.0.71.0
.ch3.92romium.org/security-conside (cb81a4cc5087ratioa8303a6c8827ee2b80b71d26e334-refs/brnsanch-heads/7103@{#1840})  on pfor suggestiortons  26814
Oon keeping Cnly local connechtions are alromeDriver safe.
lowed.
Please see https://chromedriver.chromium.org/security-considerations for suggestions on keeping ChromeDriver safe.
ChromeDChromeDriver rivewas sr was tsatarrted ted sucscesuccesssffullyully on po onrt port 22455.
 26814.
[[1749708302.284][WARNING]: This version of ChromeDriver has not been tested with Chrome version 137.
1749708302.284][WARNING]: This version of ChromeDriver has not been tested with Chrome version 137.
[1749708302.285][WA[1749708302.285][WARNING]: This version of ChromeDriver has not been tested with Chrome version 137.
RNING]: This version of ChromeDriver has not been tested with Chrome version 137.
]]></system-err>
  </testcase>
  <testcase name="createBroadCastExperience" classname="UnbxdTests.testNG.consoleui.broadCastPageTest" time="34.628">
    <failure message="Cannot invoke &quot;com.aventstack.extentreports.ExtentTest.createNode(String, String)&quot; because the return value of &quot;java.lang.ThreadLocal.get()&quot; is null" type="java.lang.NullPointerException">java.lang.NullPointerException: Cannot invoke "com.aventstack.extentreports.ExtentTest.createNode(String, String)" because the return value of "java.lang.ThreadLocal.get()" is null
</failure>
  </testcase>
  <testcase name="createJourneyExperience" classname="UnbxdTests.testNG.consoleui.JourneyExperienceTest" time="34.956">
    <failure message="no such element: Unable to locate element: {&quot;method&quot;:&quot;xpath&quot;,&quot;selector&quot;:&quot;//span[normalize-space()=&apos;Journey Page&apos;]&quot;}&#10;  (Session info: chrome=137.0.7151.69)&#10;  (Driver info: chromedriver=136.0.7103.92 (cb81a4cc5087a8303a6c8827ee2b80b71d26e334-refs/branch-heads/7103@{#1840}),platform=Mac OS X 14.7.6 x86_64) (WARNING: The server did not provide any stacktrace information)&#10;Command duration or timeout: 20.05 seconds&#10;For documentation on this error, please visit: http://seleniumhq.org/exceptions/no_such_element.html&#10;Build info: version: &apos;2.53.1&apos;, revision: &apos;a36b8b1cd5757287168e54b817830adce9b0158d&apos;, time: &apos;2016-06-30 19:26:09&apos;&#10;System info: host: &apos;akhilsurigi.local&apos;, ip: &apos;127.0.0.1&apos;, os.name: &apos;Mac OS X&apos;, os.arch: &apos;x86_64&apos;, os.version: &apos;14.7.6&apos;, java.version: &apos;17.0.11&apos;&#10;Driver info: org.openqa.selenium.chrome.ChromeDriver&#10;Capabilities [{mobileEmulationEnabled=false, timeouts={implicit=0, pageLoad=300000, script=30000}, hasTouchScreen=false, platform=MAC, acceptSslCerts=false, goog:chromeOptions={debuggerAddress=localhost:49771}, webauthn:extension:credBlob=true, acceptInsecureCerts=false, fedcm:accounts=true, webStorageEnabled=true, browserName=chrome, takesScreenshot=true, javascriptEnabled=true, setWindowRect=true, webauthn:extension:largeBlob=true, unexpectedAlertBehaviour=ignore, rotatable=false, networkConnectionEnabled=false, chrome={chromedriverVersion=136.0.7103.92 (cb81a4cc5087a8303a6c8827ee2b80b71d26e334-refs/branch-heads/7103@{#1840}), userDataDir=/var/folders/jq/g7t0y59s7lnbqlgfqv3kgyph0000gn/T/.org.chromium.Chromium.inGf7j}, takesHeapSnapshot=true, pageLoadStrategy=normal, strictFileInteractability=false, databaseEnabled=false, handlesAlerts=true, version=137.0.7151.69, browserConnectionEnabled=false, proxy={}, nativeEvents=true, webauthn:extension:minPinLength=true, webauthn:extension:prf=true, locationContextEnabled=true, cssSelectorsEnabled=true, webauthn:virtualAuthenticators=true}]&#10;Session ID: e8122f34d987c3133d1e966652cee844&#10;*** Element info: {Using=xpath, value=//span[normalize-space()=&apos;Journey Page&apos;]}" type="org.openqa.selenium.NoSuchElementException">org.openqa.selenium.NoSuchElementException: 
no such element: Unable to locate element: {"method":"xpath","selector":"//span[normalize-space()='Journey Page']"}
  (Session info: chrome=137.0.7151.69)
  (Driver info: chromedriver=136.0.7103.92 (cb81a4cc5087a8303a6c8827ee2b80b71d26e334-refs/branch-heads/7103@{#1840}),platform=Mac OS X 14.7.6 x86_64) (WARNING: The server did not provide any stacktrace information)
Command duration or timeout: 20.05 seconds
For documentation on this error, please visit: http://seleniumhq.org/exceptions/no_such_element.html
Build info: version: '2.53.1', revision: 'a36b8b1cd5757287168e54b817830adce9b0158d', time: '2016-06-30 19:26:09'
System info: host: 'akhilsurigi.local', ip: '127.0.0.1', os.name: 'Mac OS X', os.arch: 'x86_64', os.version: '14.7.6', java.version: '17.0.11'
Driver info: org.openqa.selenium.chrome.ChromeDriver
Capabilities [{mobileEmulationEnabled=false, timeouts={implicit=0, pageLoad=300000, script=30000}, hasTouchScreen=false, platform=MAC, acceptSslCerts=false, goog:chromeOptions={debuggerAddress=localhost:49771}, webauthn:extension:credBlob=true, acceptInsecureCerts=false, fedcm:accounts=true, webStorageEnabled=true, browserName=chrome, takesScreenshot=true, javascriptEnabled=true, setWindowRect=true, webauthn:extension:largeBlob=true, unexpectedAlertBehaviour=ignore, rotatable=false, networkConnectionEnabled=false, chrome={chromedriverVersion=136.0.7103.92 (cb81a4cc5087a8303a6c8827ee2b80b71d26e334-refs/branch-heads/7103@{#1840}), userDataDir=/var/folders/jq/g7t0y59s7lnbqlgfqv3kgyph0000gn/T/.org.chromium.Chromium.inGf7j}, takesHeapSnapshot=true, pageLoadStrategy=normal, strictFileInteractability=false, databaseEnabled=false, handlesAlerts=true, version=137.0.7151.69, browserConnectionEnabled=false, proxy={}, nativeEvents=true, webauthn:extension:minPinLength=true, webauthn:extension:prf=true, locationContextEnabled=true, cssSelectorsEnabled=true, webauthn:virtualAuthenticators=true}]
Session ID: e8122f34d987c3133d1e966652cee844
*** Element info: {Using=xpath, value=//span[normalize-space()='Journey Page']}
	at UnbxdTests.testNG.consoleui.JourneyExperienceTest.createJourneyExperience(JourneyExperienceTest.java:52)
</failure>
    <system-out><![CDATA[Removing the Context userId: 1 , SiteId: 1]]></system-out>
    <system-err><![CDATA[Exception in thread "TestNG-test=Experience-4" java.lang.NullPointerException: Cannot invoke "com.aventstack.extentreports.ExtentTest.createNode(String, String)" because the return value of "java.lang.ThreadLocal.get()" is null
	at core.reporting.ExtentTestNGITestListener.onTestFailure(ExtentTestNGITestListener.java:46)
	at org.testng.internal.TestListenerHelper.runTestListeners(TestListenerHelper.java:99)
	at org.testng.internal.invokers.TestInvoker.runTestResultListener(TestInvoker.java:277)
	at org.testng.internal.invokers.TestInvoker$MethodInvocationAgent.invoke(TestInvoker.java:985)
	at org.testng.internal.invokers.TestInvoker.invokeTestMethods(TestInvoker.java:194)
	at org.testng.internal.invokers.TestMethodWorker.invokeTestMethods(TestMethodWorker.java:148)
	at org.testng.internal.invokers.TestMethodWorker.run(TestMethodWorker.java:128)
	at java.base/java.util.concurrent.ThreadPoolExecutor.runWorker(ThreadPoolExecutor.java:1136)
	at java.base/java.util.concurrent.ThreadPoolExecutor$Worker.run(ThreadPoolExecutor.java:635)
	at java.base/java.lang.Thread.run(Thread.java:840)
]]></system-err>
  </testcase>
  <testcase name="createJourneyExperience" classname="UnbxdTests.testNG.consoleui.JourneyExperienceTest" time="34.956">
    <failure message="Cannot invoke &quot;com.aventstack.extentreports.ExtentTest.createNode(String, String)&quot; because the return value of &quot;java.lang.ThreadLocal.get()&quot; is null" type="java.lang.NullPointerException">java.lang.NullPointerException: Cannot invoke "com.aventstack.extentreports.ExtentTest.createNode(String, String)" because the return value of "java.lang.ThreadLocal.get()" is null
</failure>
  </testcase>
  <testcase name="createExperienceTest" classname="UnbxdTests.testNG.consoleui.ExpTest" time="43.715">
    <failure message="no such element: Unable to locate element: {&quot;method&quot;:&quot;css selector&quot;,&quot;selector&quot;:&quot;input[placeholder=&apos;Search for Experience&apos;]&quot;}&#10;  (Session info: chrome=137.0.7151.69)&#10;  (Driver info: chromedriver=136.0.7103.92 (cb81a4cc5087a8303a6c8827ee2b80b71d26e334-refs/branch-heads/7103@{#1840}),platform=Mac OS X 14.7.6 x86_64) (WARNING: The server did not provide any stacktrace information)&#10;Command duration or timeout: 20.01 seconds&#10;For documentation on this error, please visit: http://seleniumhq.org/exceptions/no_such_element.html&#10;Build info: version: &apos;2.53.1&apos;, revision: &apos;a36b8b1cd5757287168e54b817830adce9b0158d&apos;, time: &apos;2016-06-30 19:26:09&apos;&#10;System info: host: &apos;akhilsurigi.local&apos;, ip: &apos;127.0.0.1&apos;, os.name: &apos;Mac OS X&apos;, os.arch: &apos;x86_64&apos;, os.version: &apos;14.7.6&apos;, java.version: &apos;17.0.11&apos;&#10;Driver info: org.openqa.selenium.chrome.ChromeDriver&#10;Capabilities [{mobileEmulationEnabled=false, timeouts={implicit=0, pageLoad=300000, script=30000}, hasTouchScreen=false, platform=MAC, acceptSslCerts=false, goog:chromeOptions={debuggerAddress=localhost:49770}, webauthn:extension:credBlob=true, acceptInsecureCerts=false, fedcm:accounts=true, webStorageEnabled=true, browserName=chrome, takesScreenshot=true, javascriptEnabled=true, setWindowRect=true, webauthn:extension:largeBlob=true, unexpectedAlertBehaviour=ignore, rotatable=false, networkConnectionEnabled=false, chrome={chromedriverVersion=136.0.7103.92 (cb81a4cc5087a8303a6c8827ee2b80b71d26e334-refs/branch-heads/7103@{#1840}), userDataDir=/var/folders/jq/g7t0y59s7lnbqlgfqv3kgyph0000gn/T/.org.chromium.Chromium.3Ua7OK}, takesHeapSnapshot=true, pageLoadStrategy=normal, strictFileInteractability=false, databaseEnabled=false, handlesAlerts=true, version=137.0.7151.69, browserConnectionEnabled=false, proxy={}, nativeEvents=true, webauthn:extension:minPinLength=true, webauthn:extension:prf=true, locationContextEnabled=true, cssSelectorsEnabled=true, webauthn:virtualAuthenticators=true}]&#10;Session ID: 8e6422a2e3a0f6bda59a89b598fdf2e7&#10;*** Element info: {Using=css selector, value=input[placeholder=&apos;Search for Experience&apos;]}" type="org.openqa.selenium.NoSuchElementException">org.openqa.selenium.NoSuchElementException: 
no such element: Unable to locate element: {"method":"css selector","selector":"input[placeholder='Search for Experience']"}
  (Session info: chrome=137.0.7151.69)
  (Driver info: chromedriver=136.0.7103.92 (cb81a4cc5087a8303a6c8827ee2b80b71d26e334-refs/branch-heads/7103@{#1840}),platform=Mac OS X 14.7.6 x86_64) (WARNING: The server did not provide any stacktrace information)
Command duration or timeout: 20.01 seconds
For documentation on this error, please visit: http://seleniumhq.org/exceptions/no_such_element.html
Build info: version: '2.53.1', revision: 'a36b8b1cd5757287168e54b817830adce9b0158d', time: '2016-06-30 19:26:09'
System info: host: 'akhilsurigi.local', ip: '127.0.0.1', os.name: 'Mac OS X', os.arch: 'x86_64', os.version: '14.7.6', java.version: '17.0.11'
Driver info: org.openqa.selenium.chrome.ChromeDriver
Capabilities [{mobileEmulationEnabled=false, timeouts={implicit=0, pageLoad=300000, script=30000}, hasTouchScreen=false, platform=MAC, acceptSslCerts=false, goog:chromeOptions={debuggerAddress=localhost:49770}, webauthn:extension:credBlob=true, acceptInsecureCerts=false, fedcm:accounts=true, webStorageEnabled=true, browserName=chrome, takesScreenshot=true, javascriptEnabled=true, setWindowRect=true, webauthn:extension:largeBlob=true, unexpectedAlertBehaviour=ignore, rotatable=false, networkConnectionEnabled=false, chrome={chromedriverVersion=136.0.7103.92 (cb81a4cc5087a8303a6c8827ee2b80b71d26e334-refs/branch-heads/7103@{#1840}), userDataDir=/var/folders/jq/g7t0y59s7lnbqlgfqv3kgyph0000gn/T/.org.chromium.Chromium.3Ua7OK}, takesHeapSnapshot=true, pageLoadStrategy=normal, strictFileInteractability=false, databaseEnabled=false, handlesAlerts=true, version=137.0.7151.69, browserConnectionEnabled=false, proxy={}, nativeEvents=true, webauthn:extension:minPinLength=true, webauthn:extension:prf=true, locationContextEnabled=true, cssSelectorsEnabled=true, webauthn:virtualAuthenticators=true}]
Session ID: 8e6422a2e3a0f6bda59a89b598fdf2e7
*** Element info: {Using=css selector, value=input[placeholder='Search for Experience']}
	at UnbxdTests.testNG.consoleui.ExpTest.createExperienceTest(ExpTest.java:61)
</failure>
    <system-out><![CDATA[Removing the Context userId: 1 , SiteId: 1[LOG] Clicking on YES button in delete confirmation modal.
[WARN] StaleElementReferenceException, retrying click on YES button...
]]></system-out>
    <system-err><![CDATA[Exception in thread "TestNG-test=Experience-3" java.lang.NullPointerException: Cannot invoke "com.aventstack.extentreports.ExtentTest.createNode(String, String)" because the return value of "java.lang.ThreadLocal.get()" is null
	at core.reporting.ExtentTestNGITestListener.onTestFailure(ExtentTestNGITestListener.java:46)
	at org.testng.internal.TestListenerHelper.runTestListeners(TestListenerHelper.java:99)
	at org.testng.internal.invokers.TestInvoker.runTestResultListener(TestInvoker.java:277)
	at org.testng.internal.invokers.TestInvoker$MethodInvocationAgent.invoke(TestInvoker.java:985)
	at org.testng.internal.invokers.TestInvoker.invokeTestMethods(TestInvoker.java:194)
	at org.testng.internal.invokers.TestMethodWorker.invokeTestMethods(TestMethodWorker.java:148)
	at org.testng.internal.invokers.TestMethodWorker.run(TestMethodWorker.java:128)
	at java.base/java.util.concurrent.ThreadPoolExecutor.runWorker(ThreadPoolExecutor.java:1136)
	at java.base/java.util.concurrent.ThreadPoolExecutor$Worker.run(ThreadPoolExecutor.java:635)
	at java.base/java.lang.Thread.run(Thread.java:840)
]]></system-err>
  </testcase>
  <testcase name="createExperienceTest" classname="UnbxdTests.testNG.consoleui.ExpTest" time="43.715">
    <failure message="Cannot invoke &quot;com.aventstack.extentreports.ExtentTest.createNode(String, String)&quot; because the return value of &quot;java.lang.ThreadLocal.get()&quot; is null" type="java.lang.NullPointerException">java.lang.NullPointerException: Cannot invoke "com.aventstack.extentreports.ExtentTest.createNode(String, String)" because the return value of "java.lang.ThreadLocal.get()" is null
</failure>
  </testcase>
  <testcase name="createBoutiqueExperience" classname="UnbxdTests.testNG.consoleui.BoutiqueExperienceTest" time="61.545"/>
  <testcase name="createBoutiqueExperience" classname="UnbxdTests.testNG.consoleui.BoutiqueExperienceTest" time="61.546">
    <failure message="Cannot invoke &quot;com.aventstack.extentreports.ExtentTest.createNode(String, String)&quot; because the return value of &quot;java.lang.ThreadLocal.get()&quot; is null" type="java.lang.NullPointerException">java.lang.NullPointerException: Cannot invoke "com.aventstack.extentreports.ExtentTest.createNode(String, String)" because the return value of "java.lang.ThreadLocal.get()" is null
</failure>
  </testcase>
  <testcase name="testTemplatesPageElementsInteraction" classname="UnbxdTests.testNG.consoleui.DVBoutiqueTemplateTest" time="30.108">
    <failure message="stale element reference: stale element not found in the current frame&#10;  (Session info: chrome=137.0.7151.69)&#10;  (Driver info: chromedriver=136.0.7103.92 (cb81a4cc5087a8303a6c8827ee2b80b71d26e334-refs/branch-heads/7103@{#1840}),platform=Mac OS X 14.7.6 x86_64) (WARNING: The server did not provide any stacktrace information)&#10;Command duration or timeout: 15 milliseconds&#10;For documentation on this error, please visit: http://seleniumhq.org/exceptions/stale_element_reference.html&#10;Build info: version: &apos;2.53.1&apos;, revision: &apos;a36b8b1cd5757287168e54b817830adce9b0158d&apos;, time: &apos;2016-06-30 19:26:09&apos;&#10;System info: host: &apos;akhilsurigi.local&apos;, ip: &apos;127.0.0.1&apos;, os.name: &apos;Mac OS X&apos;, os.arch: &apos;x86_64&apos;, os.version: &apos;14.7.6&apos;, java.version: &apos;17.0.11&apos;&#10;Driver info: org.openqa.selenium.chrome.ChromeDriver&#10;Capabilities [{mobileEmulationEnabled=false, timeouts={implicit=0, pageLoad=300000, script=30000}, hasTouchScreen=false, platform=MAC, acceptSslCerts=false, goog:chromeOptions={debuggerAddress=localhost:50475}, webauthn:extension:credBlob=true, acceptInsecureCerts=false, fedcm:accounts=true, webStorageEnabled=true, browserName=chrome, takesScreenshot=true, javascriptEnabled=true, setWindowRect=true, webauthn:extension:largeBlob=true, unexpectedAlertBehaviour=ignore, rotatable=false, networkConnectionEnabled=false, chrome={chromedriverVersion=136.0.7103.92 (cb81a4cc5087a8303a6c8827ee2b80b71d26e334-refs/branch-heads/7103@{#1840}), userDataDir=/var/folders/jq/g7t0y59s7lnbqlgfqv3kgyph0000gn/T/.org.chromium.Chromium.bEx03F}, takesHeapSnapshot=true, pageLoadStrategy=normal, strictFileInteractability=false, databaseEnabled=false, handlesAlerts=true, version=137.0.7151.69, browserConnectionEnabled=false, proxy={}, nativeEvents=true, webauthn:extension:minPinLength=true, webauthn:extension:prf=true, locationContextEnabled=true, cssSelectorsEnabled=true, webauthn:virtualAuthenticators=true}]&#10;Session ID: 649acf1a47b11d5a8a922d9c797481d1" type="org.openqa.selenium.StaleElementReferenceException">org.openqa.selenium.StaleElementReferenceException: 
stale element reference: stale element not found in the current frame
  (Session info: chrome=137.0.7151.69)
  (Driver info: chromedriver=136.0.7103.92 (cb81a4cc5087a8303a6c8827ee2b80b71d26e334-refs/branch-heads/7103@{#1840}),platform=Mac OS X 14.7.6 x86_64) (WARNING: The server did not provide any stacktrace information)
Command duration or timeout: 15 milliseconds
For documentation on this error, please visit: http://seleniumhq.org/exceptions/stale_element_reference.html
Build info: version: '2.53.1', revision: 'a36b8b1cd5757287168e54b817830adce9b0158d', time: '2016-06-30 19:26:09'
System info: host: 'akhilsurigi.local', ip: '127.0.0.1', os.name: 'Mac OS X', os.arch: 'x86_64', os.version: '14.7.6', java.version: '17.0.11'
Driver info: org.openqa.selenium.chrome.ChromeDriver
Capabilities [{mobileEmulationEnabled=false, timeouts={implicit=0, pageLoad=300000, script=30000}, hasTouchScreen=false, platform=MAC, acceptSslCerts=false, goog:chromeOptions={debuggerAddress=localhost:50475}, webauthn:extension:credBlob=true, acceptInsecureCerts=false, fedcm:accounts=true, webStorageEnabled=true, browserName=chrome, takesScreenshot=true, javascriptEnabled=true, setWindowRect=true, webauthn:extension:largeBlob=true, unexpectedAlertBehaviour=ignore, rotatable=false, networkConnectionEnabled=false, chrome={chromedriverVersion=136.0.7103.92 (cb81a4cc5087a8303a6c8827ee2b80b71d26e334-refs/branch-heads/7103@{#1840}), userDataDir=/var/folders/jq/g7t0y59s7lnbqlgfqv3kgyph0000gn/T/.org.chromium.Chromium.bEx03F}, takesHeapSnapshot=true, pageLoadStrategy=normal, strictFileInteractability=false, databaseEnabled=false, handlesAlerts=true, version=137.0.7151.69, browserConnectionEnabled=false, proxy={}, nativeEvents=true, webauthn:extension:minPinLength=true, webauthn:extension:prf=true, locationContextEnabled=true, cssSelectorsEnabled=true, webauthn:virtualAuthenticators=true}]
Session ID: 649acf1a47b11d5a8a922d9c797481d1
	at UnbxdTests.testNG.consoleui.DVBoutiqueTemplateTest.testTemplatesPageElementsInteraction(DVBoutiqueTemplateTest.java:45)
</failure>
    <system-out><![CDATA[Removing the Context userId: 2 , SiteId: 1Starting setUp in BaseTest...
Creating BrowserInitializer...
Starting setUp in BaseTest...
Creating BrowserInitializer...
Initializing browser...
Initializing browser...
[DEBUG] Browser from config: chrome
[DEBUG] Browser from config: chrome
[DEBUG] initDriver called for browser: CHROME
[DEBUG] Using ChromeDriver path: src/main/resources/driver/chromedriver
[DEBUG] initDriver called for browser: CHROME
Starting setUp in BaseTest...
[DEBUG] Using ChromeDriver path: src/main/resources/driver/chromedriver
Creating BrowserInitializer...
Initializing browser...
[DEBUG] Browser from config: chrome
[DEBUG] initDriver called for browser: CHROME
[DEBUG] Using ChromeDriver path: src/main/resources/driver/chromedriver
Starting setUp in BaseTest...
Creating BrowserInitializer...
Initializing browser...
[DEBUG] Browser from config: chrome
[DEBUG] initDriver called for browser: CHROME
[DEBUG] Using ChromeDriver path: src/main/resources/driver/chromedriver
Starting setUp in BaseTest...
Creating BrowserInitializer...
Initializing browser...
[DEBUG] Browser from config: chrome
[DEBUG] initDriver called for browser: CHROME
[DEBUG] Using ChromeDriver path: src/main/resources/driver/chromedriver
Starting setUp in BaseTest...
Creating BrowserInitializer...
Initializing browser...
[DEBUG] Browser from config: chrome
[DEBUG] initDriver called for browser: CHROME
[DEBUG] Using ChromeDriver path: src/main/resources/driver/chromedriver
Starting setUp in BaseTest...
Creating BrowserInitializer...
Initializing browser...
[DEBUG] Browser from config: chrome
[DEBUG] initDriver called for browser: CHROME
[DEBUG] Using ChromeDriver path: src/main/resources/driver/chromedriver
Starting setUp in BaseTest...
Creating BrowserInitializer...
Initializing browser...
[DEBUG] Browser from config: chrome
[DEBUG] initDriver called for browser: CHROME
[DEBUG] Using ChromeDriver path: src/main/resources/driver/chromedriver
Starting setUp in BaseTest...
Creating BrowserInitializer...
Initializing browser...
[DEBUG] Browser from config: chrome
[DEBUG] initDriver called for browser: CHROME
[DEBUG] Using ChromeDriver path: src/main/resources/driver/chromedriver
Starting setUp in BaseTest...
Creating BrowserInitializer...
Initializing browser...
[DEBUG] Browser from config: chrome
[DEBUG] initDriver called for browser: CHROME
[DEBUG] Using ChromeDriver path: src/main/resources/driver/chromedriver
[DEBUG] WebDriver successfully created: org.openqa.selenium.chrome.ChromeDriver
[DEBUG] WebDriver successfully created: org.openqa.selenium.chrome.ChromeDriver
[DEBUG] WebDriver successfully created: org.openqa.selenium.chrome.ChromeDriver
[DEBUG] WebDriver successfully created: org.openqa.selenium.chrome.ChromeDriver
[DEBUG] WebDriver successfully created: org.openqa.selenium.chrome.ChromeDriver
[DEBUG] WebDriver successfully created: org.openqa.selenium.chrome.ChromeDriver
[DEBUG] WebDriver successfully created: org.openqa.selenium.chrome.ChromeDriver
Getting driver from initializer...
Driver status after initialization: Driver exists
Initializing FluentLenium adapter...
FluentLenium initialization completed
Initializing test...
Test initialization completed
Setting the Context UserId:1 , siteId : 1
[DEBUG] WebDriver successfully created: org.openqa.selenium.chrome.ChromeDriver
Getting driver from initializer...
Driver status after initialization: Driver exists
Initializing FluentLenium adapter...
FluentLenium initialization completed
Initializing test...
Test initialization completed
Setting the Context UserId:1 , siteId : 1
Getting driver from initializer...
Driver status after initialization: Driver exists
Initializing FluentLenium adapter...
FluentLenium initialization completed
Initializing test...
Getting driver from initializer...
Driver status after initialization: Driver exists
Initializing FluentLenium adapter...
FluentLenium initialization completed
Initializing test...
Test initialization completed
Test initialization completed
Setting the Context UserId:1 , siteId : 1
Setting the Context UserId:1 , siteId : 1
Getting driver from initializer...
Driver status after initialization: Driver exists
Initializing FluentLenium adapter...
FluentLenium initialization completed
Initializing test...
Test initialization completed
Setting the Context UserId:1 , siteId : 1
Getting driver from initializer...
Driver status after initialization: Driver exists
Initializing FluentLenium adapter...
FluentLenium initialization completed
Initializing test...
Test initialization completed
Setting the Context UserId:1 , siteId : 1
Getting driver from initializer...
Driver status after initialization: Driver exists
Initializing FluentLenium adapter...
FluentLenium initialization completed
Initializing test...
Test initialization completed
Setting the Context UserId:1 , siteId : 1
[DEBUG] WebDriver successfully created: org.openqa.selenium.chrome.ChromeDriver
[DEBUG] WebDriver successfully created: org.openqa.selenium.chrome.ChromeDriver
Getting driver from initializer...
Driver status after initialization: Driver exists
Initializing FluentLenium adapter...
FluentLenium initialization completed
Initializing test...
Test initialization completed
Setting the Context UserId:1 , siteId : 1
Getting driver from initializer...
Driver status after initialization: Driver exists
Initializing FluentLenium adapter...
FluentLenium initialization completed
Initializing test...
Test initialization completed
Setting the Context UserId:1 , siteId : 1
Getting driver from initializer...
Driver status after initialization: Driver exists
Initializing FluentLenium adapter...
FluentLenium initialization completed
Initializing test...
Test initialization completed
Setting the Context UserId:1 , siteId : 1
Closed 'No Thanks' popup.
Closed 'No Thanks' popup.
Closed 'No Thanks' popup.
Closed 'No Thanks' popup.
]]></system-out>
    <system-err><![CDATA[Exception in thread "TestNG-test=Experience-2" java.lang.NullPointerException: Cannot invoke "com.aventstack.extentreports.ExtentTest.createNode(String, String)" because the return value of "java.lang.ThreadLocal.get()" is null
	at core.reporting.ExtentTestNGITestListener.onTestFailure(ExtentTestNGITestListener.java:46)
	at org.testng.internal.TestListenerHelper.runTestListeners(TestListenerHelper.java:99)
	at org.testng.internal.invokers.TestInvoker.runTestResultListener(TestInvoker.java:277)
	at org.testng.internal.invokers.TestInvoker$MethodInvocationAgent.invoke(TestInvoker.java:985)
	at org.testng.internal.invokers.TestInvoker.invokeTestMethods(TestInvoker.java:194)
	at org.testng.internal.invokers.TestMethodWorker.invokeTestMethods(TestMethodWorker.java:148)
	at org.testng.internal.invokers.TestMethodWorker.run(TestMethodWorker.java:128)
	at java.base/java.util.concurrent.ThreadPoolExecutor.runWorker(ThreadPoolExecutor.java:1136)
	at java.base/java.util.concurrent.ThreadPoolExecutor$Worker.run(ThreadPoolExecutor.java:635)
	at java.base/java.lang.Thread.run(Thread.java:840)
Starting ChromeDriver 136.0.7103.92 (cb81a4cc5087a8303a6c8827ee2b80b71d26e334-refs/branch-heads/7103@{#1840}) on port 7481
Only local connections are allowed.
Please see https://chromedriver.chromium.org/security-considerations for suggestions on keeping ChromeDriver safe.
Starting ChromeDriver 136.0.7103.92 (cb81a4cc5087a8303a6c8827ee2b80b71d26e334-refs/branch-heads/7103@{#1840}) on port 43140
Only local connections are allowed.
Please see https://chromedriver.chromium.org/security-consideraChromtioneDs for suggestriver waions os starnt ked seepucingcessfully on Chr poomreDt 7481.
river safe.
ChromeDriver was started successfully on port 43140.
Starting ChromeDriver 136.0.7103.92 (cb81a4cc5087a8303a6c8827ee2b80b71d26e334-refs/branch-heads/7103@{#1840}) on port 7960
Only local connections are allowed.
Please see https://chromedriver.chromium.org/security-considerations for suggestions on keeping ChromeDriver safe.
Starting ChromeDriver 136.0.7103.92 (cb81a4cc5087a8303a6c8827ee2b80b71d26e334-refs/branch-heads/7103@{#1840}) on port 5102
Only local connections are allowed.
Please see https://chromedriver.chromium.org/security-considerations for suggestions on keeping ChromeDriver safe.
ChromeDriver was started successfully on port 7960.
Starting ChromeDriver 136.0.7103.92 (cb81a4cc5087a8303aSta6rct8827eine2b80b71d26e334-refs/branch-headg ChromeDriver 136.0.7103.92 (cb81a4cc5087a8s/7103@{#1840}) on port 7434
Only local connections are allowed.
Please see https://chromed3ri03a6vc8827ee2b80b71d26e334-rer.chromium.org/sefsecurit/brany-conch-heads/7sider10ations3@{ fo#1840}) on port 2r9 suggestions on keeping ChromeDr734ive
Onlyr safe.
 local connections are allowed.
Please see https://chromedriver.chromium.org/security-considerations for suggestions on keeping ChromeDriver safe.
Starting ChromeDriver 136.0.7103.92 (cb81a4cc5087a8303a6c8827ee2b80b71d26e334-refs/branch-heads/7103@{#1840}) on port 13843
Only local connections are allowed.
Please see https://chromedriver.chromium.org/security-considerations for suggestions on keeping ChromeDriver safeC.
hromeDriver was started successfully on port 7434.
ChromeDrCihromeDverriver was started successfully on port 2 was9 7s3t4.
arted successfully on port 5102.
Starting ChromeDriver 136.0.7103.92 (cb81a4cc5087a8303a6c8827ee2b80b71d26e334-refs/branch-heads/7103@{#1840}) on pSorttarting ChromeDriv 26908
Onlyer lo 136.0.7103c.9al connections are allowed.
Please 2 (cb81a4cc508see 7httpsa8303a:/6c/8chro82med7riveree2.bchromi8um.org/secu0b71drity-consid26e3eratio34-ns for refs/branch-heads/suggestions7103@{#1840}) on port 39682
Only local connections are al on keeping Chrlowed.
Please see httpsom:/e/Drciverhromedr siver.chafromium.org/e.
security-considerations for suggestions on keeping ChromeDriver safe.
ChromeDriver was started successfully on port 13843.
Starting ChromeDriver 136.0.7103.92 (cb81a4cc5087a8303a6c8827ee2b80b71d26e334-refs/branch-heads/7103@{#1840}) on port 15858
Only local connections are allowed.
Please see https://chromedriver.chromium.org/security-considerations for suggestions on keeping ChromeDriver safe.
ChromeDriver was started successfully on port 39682.
ChromeDriver was started successfully on port 26908.
ChromeDriver was started successfully on port 15858.
[1749708377.816][WARNING]: This version of ChromeDriver has not been tested with Chrome version 137.
[1749708377.954][WARNING]: This version of ChromeDriver has not been tested with Chrome version 137.
[1749708378.102][WARNING]: This versio[1749708378.102][WARNING]: This version of ChromeDriver has not been tested with Chrome version 137.
[1749708378.103][WARNING]: This version of ChromeDriver has not been tested with Chrome version 137.
n of ChromeDriver has not been tested with Chrome version 137.
[1749708378.128][WARNING]: This version of ChromeDriver has not been tested with Chrome version 137.
[1749708378.205][WARNING]: This version of ChromeDriver has not been tested with Chrome version 137.
[1749708378.394][WARNING]: This version of ChromeDriver has not been tested with Chrome version 137.
[1749708378.394][WARNING]: This version of ChromeDriver has not been tested with Chrome version 137.
[1749708378.451][WARNING]: This version of ChromeDriver has not been tested with Chrome version 137.
]]></system-err>
  </testcase>
  <testcase name="testTemplatesPageElementsInteraction" classname="UnbxdTests.testNG.consoleui.DVBoutiqueTemplateTest" time="30.11">
    <failure message="Cannot invoke &quot;com.aventstack.extentreports.ExtentTest.createNode(String, String)&quot; because the return value of &quot;java.lang.ThreadLocal.get()&quot; is null" type="java.lang.NullPointerException">java.lang.NullPointerException: Cannot invoke "com.aventstack.extentreports.ExtentTest.createNode(String, String)" because the return value of "java.lang.ThreadLocal.get()" is null
</failure>
  </testcase>
  <testcase name="testTemplatesPageElementsInteraction" classname="UnbxdTests.testNG.consoleui.MVboutiqueTemplateTest" time="56.119">
    <failure message="element not interactable&#10;  (Session info: chrome=137.0.7151.69)&#10;  (Driver info: chromedriver=136.0.7103.92 (cb81a4cc5087a8303a6c8827ee2b80b71d26e334-refs/branch-heads/7103@{#1840}),platform=Mac OS X 14.7.6 x86_64) (WARNING: The server did not provide any stacktrace information)&#10;Command duration or timeout: 20.07 seconds&#10;Build info: version: &apos;2.53.1&apos;, revision: &apos;a36b8b1cd5757287168e54b817830adce9b0158d&apos;, time: &apos;2016-06-30 19:26:09&apos;&#10;System info: host: &apos;akhilsurigi.local&apos;, ip: &apos;127.0.0.1&apos;, os.name: &apos;Mac OS X&apos;, os.arch: &apos;x86_64&apos;, os.version: &apos;14.7.6&apos;, java.version: &apos;17.0.11&apos;&#10;Driver info: org.openqa.selenium.chrome.ChromeDriver&#10;Capabilities [{mobileEmulationEnabled=false, timeouts={implicit=0, pageLoad=300000, script=30000}, hasTouchScreen=false, platform=MAC, acceptSslCerts=false, goog:chromeOptions={debuggerAddress=localhost:51217}, webauthn:extension:credBlob=true, acceptInsecureCerts=false, fedcm:accounts=true, webStorageEnabled=true, browserName=chrome, takesScreenshot=true, javascriptEnabled=true, setWindowRect=true, webauthn:extension:largeBlob=true, unexpectedAlertBehaviour=ignore, rotatable=false, networkConnectionEnabled=false, chrome={chromedriverVersion=136.0.7103.92 (cb81a4cc5087a8303a6c8827ee2b80b71d26e334-refs/branch-heads/7103@{#1840}), userDataDir=/var/folders/jq/g7t0y59s7lnbqlgfqv3kgyph0000gn/T/.org.chromium.Chromium.dN5ml3}, takesHeapSnapshot=true, pageLoadStrategy=normal, strictFileInteractability=false, databaseEnabled=false, handlesAlerts=true, version=137.0.7151.69, browserConnectionEnabled=false, proxy={}, nativeEvents=true, webauthn:extension:minPinLength=true, webauthn:extension:prf=true, locationContextEnabled=true, cssSelectorsEnabled=true, webauthn:virtualAuthenticators=true}]&#10;Session ID: 3dcf0ceb2da2f2ade1e4ee3a2268330c" type="org.openqa.selenium.ElementNotVisibleException">org.openqa.selenium.ElementNotVisibleException: 
element not interactable
  (Session info: chrome=137.0.7151.69)
  (Driver info: chromedriver=136.0.7103.92 (cb81a4cc5087a8303a6c8827ee2b80b71d26e334-refs/branch-heads/7103@{#1840}),platform=Mac OS X 14.7.6 x86_64) (WARNING: The server did not provide any stacktrace information)
Command duration or timeout: 20.07 seconds
Build info: version: '2.53.1', revision: 'a36b8b1cd5757287168e54b817830adce9b0158d', time: '2016-06-30 19:26:09'
System info: host: 'akhilsurigi.local', ip: '127.0.0.1', os.name: 'Mac OS X', os.arch: 'x86_64', os.version: '14.7.6', java.version: '17.0.11'
Driver info: org.openqa.selenium.chrome.ChromeDriver
Capabilities [{mobileEmulationEnabled=false, timeouts={implicit=0, pageLoad=300000, script=30000}, hasTouchScreen=false, platform=MAC, acceptSslCerts=false, goog:chromeOptions={debuggerAddress=localhost:51217}, webauthn:extension:credBlob=true, acceptInsecureCerts=false, fedcm:accounts=true, webStorageEnabled=true, browserName=chrome, takesScreenshot=true, javascriptEnabled=true, setWindowRect=true, webauthn:extension:largeBlob=true, unexpectedAlertBehaviour=ignore, rotatable=false, networkConnectionEnabled=false, chrome={chromedriverVersion=136.0.7103.92 (cb81a4cc5087a8303a6c8827ee2b80b71d26e334-refs/branch-heads/7103@{#1840}), userDataDir=/var/folders/jq/g7t0y59s7lnbqlgfqv3kgyph0000gn/T/.org.chromium.Chromium.dN5ml3}, takesHeapSnapshot=true, pageLoadStrategy=normal, strictFileInteractability=false, databaseEnabled=false, handlesAlerts=true, version=137.0.7151.69, browserConnectionEnabled=false, proxy={}, nativeEvents=true, webauthn:extension:minPinLength=true, webauthn:extension:prf=true, locationContextEnabled=true, cssSelectorsEnabled=true, webauthn:virtualAuthenticators=true}]
Session ID: 3dcf0ceb2da2f2ade1e4ee3a2268330c
	at UnbxdTests.testNG.consoleui.MVboutiqueTemplateTest.testTemplatesPageElementsInteraction(MVboutiqueTemplateTest.java:45)
</failure>
    <system-out><![CDATA[Removing the Context userId: 1 , SiteId: 1Starting setUp in BaseTest...
Creating BrowserInitializer...
Initializing browser...
[DEBUG] Browser from config: chrome
[DEBUG] initDriver called for browser: CHROME
[DEBUG] Using ChromeDriver path: src/main/resources/driver/chromedriver
[DEBUG] WebDriver successfully created: org.openqa.selenium.chrome.ChromeDriver
Getting driver from initializer...
Driver status after initialization: Driver exists
Initializing FluentLenium adapter...
FluentLenium initialization completed
Initializing test...
Test initialization completed
Setting the Context UserId:1 , siteId : 1
Closed 'No Thanks' popup.
[DEBUG] About to click the Create button in TemplatesActions1.clickCreateButton()
[DEBUG] About to click the Create button in TemplatesActions1.clickCreateButton()
[DEBUG] About to click the Create button in TemplatesActions1.clickCreateButton()
[DEBUG] About to click the Create button in TemplatesActions1.clickCreateButton()
[DEBUG] About to click the Create button in TemplatesActions1.clickCreateButton()
[WARN] Could not find radio button or label for value: Desktop
[WARN] Could not find radio button or label for value: Desktop
[DEBUG] About to click the Create button in TemplatesActions1.clickCreateButton()
[DEBUG] Template name to be entered: autoTemplate1749708468123
[DEBUG] Template name to be entered: autoTemplate1749708468148
[DEBUG] Template name to be entered: autoTemplate1749708468168
[DEBUG] Template name to be entered: autoTemplate1749708468182
[DEBUG] Template name to be entered: autoTemplate1749708468282
[DEBUG] Template name to be entered: autoTemplate1749708469135
[DEBUG] TemplateType: Standard Widget
[DEBUG] TemplateType: Boutique
[DEBUG] TemplateType: Standard Widget
[DEBUG] TemplateType: Boutique
[DEBUG] TemplateType: Boutique
[DEBUG] widgetSize: 700
[DEBUG] widgetSize: 700
[DEBUG] widgetSize: 700
[DEBUG] widgetSize: 700
[DEBUG] TemplateType: Exit Intent Pop Up
[DEBUG] widgetSize: 700
[DEBUG] widgetSize: 700
[DEBUG] About to click the Create button in TemplatesActions1.clickCreateButton()
[DEBUG] About to click the Create button in TemplatesActions1.clickCreateButton()
[DEBUG] About to click the Create button in TemplatesActions1.clickCreateButton()
[DEBUG] Template name to be entered: autoTemplate1749708488386
[DEBUG] Template name to be entered: autoTemplate1749708488414
[DEBUG] Template name to be entered: autoTemplate1749708489213
[DEBUG] TemplateType: Standard Widget
[DEBUG] TemplateType: Boutique
[DEBUG] widgetSize: 200
[DEBUG] TemplateType: Exit Intent Pop Up
[DEBUG] widgetSize: 700
[DEBUG] widgetSize: 700
]]></system-out>
    <system-err><![CDATA[Exception in thread "TestNG-test=Templates-4" java.lang.NullPointerException: Cannot invoke "com.aventstack.extentreports.ExtentTest.createNode(String, String)" because the return value of "java.lang.ThreadLocal.get()" is null
	at core.reporting.ExtentTestNGITestListener.onTestFailure(ExtentTestNGITestListener.java:46)
	at org.testng.internal.TestListenerHelper.runTestListeners(TestListenerHelper.java:99)
	at org.testng.internal.invokers.TestInvoker.runTestResultListener(TestInvoker.java:277)
	at org.testng.internal.invokers.TestInvoker$MethodInvocationAgent.invoke(TestInvoker.java:985)
	at org.testng.internal.invokers.TestInvoker.invokeTestMethods(TestInvoker.java:194)
	at org.testng.internal.invokers.TestMethodWorker.invokeTestMethods(TestMethodWorker.java:148)
	at org.testng.internal.invokers.TestMethodWorker.run(TestMethodWorker.java:128)
	at java.base/java.util.concurrent.ThreadPoolExecutor.runWorker(ThreadPoolExecutor.java:1136)
	at java.base/java.util.concurrent.ThreadPoolExecutor$Worker.run(ThreadPoolExecutor.java:635)
	at java.base/java.lang.Thread.run(Thread.java:840)
Starting ChromeDriver 136.0.7103.92 (cb81a4cc5087a8303a6c8827ee2b80b71d26e334-refs/branch-heads/7103@{#1840}) on port 27852
Only local connections are allowed.
Please see https://chromedriver.chromium.org/security-considerations for suggestions on keeping ChromeDriver safe.
ChromeDriver was started successfully on port 27852.
[1749708441.310][WARNING]: This version of ChromeDriver has not been tested with Chrome version 137.
]]></system-err>
  </testcase>
  <testcase name="testTemplatesPageElementsInteraction" classname="UnbxdTests.testNG.consoleui.MVboutiqueTemplateTest" time="56.119">
    <failure message="Cannot invoke &quot;com.aventstack.extentreports.ExtentTest.createNode(String, String)&quot; because the return value of &quot;java.lang.ThreadLocal.get()&quot; is null" type="java.lang.NullPointerException">java.lang.NullPointerException: Cannot invoke "com.aventstack.extentreports.ExtentTest.createNode(String, String)" because the return value of "java.lang.ThreadLocal.get()" is null
</failure>
  </testcase>
  <testcase name="testTemplatesPageElementsInteraction" classname="UnbxdTests.testNG.consoleui.MHinstagramLikeBehaaviorTemplateTest" time="36.096">
    <failure message="no such element: Unable to locate element: {&quot;method&quot;:&quot;css selector&quot;,&quot;selector&quot;:&quot;button.app-common-button.btn.btn-primary.ml-2.mr-3&quot;}&#10;  (Session info: chrome=137.0.7151.69)&#10;  (Driver info: chromedriver=136.0.7103.92 (cb81a4cc5087a8303a6c8827ee2b80b71d26e334-refs/branch-heads/7103@{#1840}),platform=Mac OS X 14.7.6 x86_64) (WARNING: The server did not provide any stacktrace information)&#10;Command duration or timeout: 20.06 seconds&#10;For documentation on this error, please visit: http://seleniumhq.org/exceptions/no_such_element.html&#10;Build info: version: &apos;2.53.1&apos;, revision: &apos;a36b8b1cd5757287168e54b817830adce9b0158d&apos;, time: &apos;2016-06-30 19:26:09&apos;&#10;System info: host: &apos;akhilsurigi.local&apos;, ip: &apos;127.0.0.1&apos;, os.name: &apos;Mac OS X&apos;, os.arch: &apos;x86_64&apos;, os.version: &apos;14.7.6&apos;, java.version: &apos;17.0.11&apos;&#10;Driver info: org.openqa.selenium.chrome.ChromeDriver&#10;Capabilities [{mobileEmulationEnabled=false, timeouts={implicit=0, pageLoad=300000, script=30000}, hasTouchScreen=false, platform=MAC, acceptSslCerts=false, goog:chromeOptions={debuggerAddress=localhost:50476}, webauthn:extension:credBlob=true, acceptInsecureCerts=false, fedcm:accounts=true, webStorageEnabled=true, browserName=chrome, takesScreenshot=true, javascriptEnabled=true, setWindowRect=true, webauthn:extension:largeBlob=true, unexpectedAlertBehaviour=ignore, rotatable=false, networkConnectionEnabled=false, chrome={chromedriverVersion=136.0.7103.92 (cb81a4cc5087a8303a6c8827ee2b80b71d26e334-refs/branch-heads/7103@{#1840}), userDataDir=/var/folders/jq/g7t0y59s7lnbqlgfqv3kgyph0000gn/T/.org.chromium.Chromium.VpE4uj}, takesHeapSnapshot=true, pageLoadStrategy=normal, strictFileInteractability=false, databaseEnabled=false, handlesAlerts=true, version=137.0.7151.69, browserConnectionEnabled=false, proxy={}, nativeEvents=true, webauthn:extension:minPinLength=true, webauthn:extension:prf=true, locationContextEnabled=true, cssSelectorsEnabled=true, webauthn:virtualAuthenticators=true}]&#10;Session ID: 76add2a0463e43f78c99654f1309387c&#10;*** Element info: {Using=css selector, value=button.app-common-button.btn.btn-primary.ml-2.mr-3}" type="org.openqa.selenium.NoSuchElementException">org.openqa.selenium.NoSuchElementException: 
no such element: Unable to locate element: {"method":"css selector","selector":"button.app-common-button.btn.btn-primary.ml-2.mr-3"}
  (Session info: chrome=137.0.7151.69)
  (Driver info: chromedriver=136.0.7103.92 (cb81a4cc5087a8303a6c8827ee2b80b71d26e334-refs/branch-heads/7103@{#1840}),platform=Mac OS X 14.7.6 x86_64) (WARNING: The server did not provide any stacktrace information)
Command duration or timeout: 20.06 seconds
For documentation on this error, please visit: http://seleniumhq.org/exceptions/no_such_element.html
Build info: version: '2.53.1', revision: 'a36b8b1cd5757287168e54b817830adce9b0158d', time: '2016-06-30 19:26:09'
System info: host: 'akhilsurigi.local', ip: '127.0.0.1', os.name: 'Mac OS X', os.arch: 'x86_64', os.version: '14.7.6', java.version: '17.0.11'
Driver info: org.openqa.selenium.chrome.ChromeDriver
Capabilities [{mobileEmulationEnabled=false, timeouts={implicit=0, pageLoad=300000, script=30000}, hasTouchScreen=false, platform=MAC, acceptSslCerts=false, goog:chromeOptions={debuggerAddress=localhost:50476}, webauthn:extension:credBlob=true, acceptInsecureCerts=false, fedcm:accounts=true, webStorageEnabled=true, browserName=chrome, takesScreenshot=true, javascriptEnabled=true, setWindowRect=true, webauthn:extension:largeBlob=true, unexpectedAlertBehaviour=ignore, rotatable=false, networkConnectionEnabled=false, chrome={chromedriverVersion=136.0.7103.92 (cb81a4cc5087a8303a6c8827ee2b80b71d26e334-refs/branch-heads/7103@{#1840}), userDataDir=/var/folders/jq/g7t0y59s7lnbqlgfqv3kgyph0000gn/T/.org.chromium.Chromium.VpE4uj}, takesHeapSnapshot=true, pageLoadStrategy=normal, strictFileInteractability=false, databaseEnabled=false, handlesAlerts=true, version=137.0.7151.69, browserConnectionEnabled=false, proxy={}, nativeEvents=true, webauthn:extension:minPinLength=true, webauthn:extension:prf=true, locationContextEnabled=true, cssSelectorsEnabled=true, webauthn:virtualAuthenticators=true}]
Session ID: 76add2a0463e43f78c99654f1309387c
*** Element info: {Using=css selector, value=button.app-common-button.btn.btn-primary.ml-2.mr-3}
	at UnbxdTests.testNG.consoleui.MHinstagramLikeBehaaviorTemplateTest.testTemplatesPageElementsInteraction(MHinstagramLikeBehaaviorTemplateTest.java:66)
</failure>
    <system-out><![CDATA[Removing the Context userId: 1 , SiteId: 1Starting setUp in BaseTest...
Creating BrowserInitializer...
Initializing browser...
[DEBUG] Browser from config: chrome
[DEBUG] initDriver called for browser: CHROME
[DEBUG] Using ChromeDriver path: src/main/resources/driver/chromedriver
[DEBUG] WebDriver successfully created: org.openqa.selenium.chrome.ChromeDriver
Getting driver from initializer...
Driver status after initialization: Driver exists
Initializing FluentLenium adapter...
FluentLenium initialization completed
Initializing test...
Test initialization completed
Setting the Context UserId:1 , siteId : 1
]]></system-out>
    <system-err><![CDATA[Exception in thread "TestNG-test=Templates-11" java.lang.NullPointerException: Cannot invoke "com.aventstack.extentreports.ExtentTest.createNode(String, String)" because the return value of "java.lang.ThreadLocal.get()" is null
	at core.reporting.ExtentTestNGITestListener.onTestFailure(ExtentTestNGITestListener.java:46)
	at org.testng.internal.TestListenerHelper.runTestListeners(TestListenerHelper.java:99)
	at org.testng.internal.invokers.TestInvoker.runTestResultListener(TestInvoker.java:277)
	at org.testng.internal.invokers.TestInvoker$MethodInvocationAgent.invoke(TestInvoker.java:985)
	at org.testng.internal.invokers.TestInvoker.invokeTestMethods(TestInvoker.java:194)
	at org.testng.internal.invokers.TestMethodWorker.invokeTestMethods(TestMethodWorker.java:148)
	at org.testng.internal.invokers.TestMethodWorker.run(TestMethodWorker.java:128)
	at java.base/java.util.concurrent.ThreadPoolExecutor.runWorker(ThreadPoolExecutor.java:1136)
	at java.base/java.util.concurrent.ThreadPoolExecutor$Worker.run(ThreadPoolExecutor.java:635)
	at java.base/java.lang.Thread.run(Thread.java:840)
Starting ChromeDriver 136.0.7103.92 (cb81a4cc5087a8303a6c8827ee2b80b71d26e334-refs/branch-heads/7103@{#1840}) on port 4948
Only local connections are allowed.
Please see https://chromedriver.chromium.org/security-considerations for suggestions on keeping ChromeDriver safe.
ChromeDriver was started successfully on port 4948.
[1749708516.830][WARNING]: This version of ChromeDriver has not been tested with Chrome version 137.
]]></system-err>
  </testcase>
  <testcase name="testTemplatesPageElementsInteraction" classname="UnbxdTests.testNG.consoleui.MHinstagramLikeBehaaviorTemplateTest" time="36.096">
    <failure message="Cannot invoke &quot;com.aventstack.extentreports.ExtentTest.createNode(String, String)&quot; because the return value of &quot;java.lang.ThreadLocal.get()&quot; is null" type="java.lang.NullPointerException">java.lang.NullPointerException: Cannot invoke "com.aventstack.extentreports.ExtentTest.createNode(String, String)" because the return value of "java.lang.ThreadLocal.get()" is null
</failure>
  </testcase>
  <testcase name="testTemplatesPageElementsInteraction" classname="UnbxdTests.testNG.consoleui.DHstandardWidgettemplateTest" time="47.581"/>
  <testcase name="testTemplatesPageElementsInteraction" classname="UnbxdTests.testNG.consoleui.DHstandardWidgettemplateTest" time="47.582">
    <failure message="Cannot invoke &quot;com.aventstack.extentreports.ExtentTest.createNode(String, String)&quot; because the return value of &quot;java.lang.ThreadLocal.get()&quot; is null" type="java.lang.NullPointerException">java.lang.NullPointerException: Cannot invoke "com.aventstack.extentreports.ExtentTest.createNode(String, String)" because the return value of "java.lang.ThreadLocal.get()" is null
</failure>
  </testcase>
  <testcase name="testTemplatesPageElementsInteraction" classname="UnbxdTests.testNG.consoleui.MHstandardWidgettemplateTest" time="49.567"/>
  <testcase name="testTemplatesPageElementsInteraction" classname="UnbxdTests.testNG.consoleui.MHstandardWidgettemplateTest" time="49.567">
    <failure message="Cannot invoke &quot;com.aventstack.extentreports.ExtentTest.createNode(String, String)&quot; because the return value of &quot;java.lang.ThreadLocal.get()&quot; is null" type="java.lang.NullPointerException">java.lang.NullPointerException: Cannot invoke "com.aventstack.extentreports.ExtentTest.createNode(String, String)" because the return value of "java.lang.ThreadLocal.get()" is null
</failure>
  </testcase>
  <testcase name="testTemplatesPageElementsInteraction" classname="UnbxdTests.testNG.consoleui.DHexitIntentTemplatetest" time="52.484"/>
  <testcase name="testTemplatesPageElementsInteraction" classname="UnbxdTests.testNG.consoleui.DHexitIntentTemplatetest" time="52.486">
    <failure message="Cannot invoke &quot;com.aventstack.extentreports.ExtentTest.createNode(String, String)&quot; because the return value of &quot;java.lang.ThreadLocal.get()&quot; is null" type="java.lang.NullPointerException">java.lang.NullPointerException: Cannot invoke "com.aventstack.extentreports.ExtentTest.createNode(String, String)" because the return value of "java.lang.ThreadLocal.get()" is null
</failure>
  </testcase>
  <testcase name="testTemplatesPageElementsInteraction" classname="UnbxdTests.testNG.consoleui.MHboutiqueTemplateTest" time="53.777"/>
  <testcase name="testTemplatesPageElementsInteraction" classname="UnbxdTests.testNG.consoleui.MHboutiqueTemplateTest" time="53.778">
    <failure message="Cannot invoke &quot;com.aventstack.extentreports.ExtentTest.createNode(String, String)&quot; because the return value of &quot;java.lang.ThreadLocal.get()&quot; is null" type="java.lang.NullPointerException">java.lang.NullPointerException: Cannot invoke "com.aventstack.extentreports.ExtentTest.createNode(String, String)" because the return value of "java.lang.ThreadLocal.get()" is null
</failure>
  </testcase>
  <testcase name="testTemplatesPageElementsInteraction" classname="UnbxdTests.testNG.consoleui.DVstandardWidgetTemplateTest" time="6.505"/>
  <testcase name="testTemplatesPageElementsInteraction" classname="UnbxdTests.testNG.consoleui.DVstandardWidgetTemplateTest" time="6.505">
    <failure message="Cannot invoke &quot;com.aventstack.extentreports.ExtentTest.createNode(String, String)&quot; because the return value of &quot;java.lang.ThreadLocal.get()&quot; is null" type="java.lang.NullPointerException">java.lang.NullPointerException: Cannot invoke "com.aventstack.extentreports.ExtentTest.createNode(String, String)" because the return value of "java.lang.ThreadLocal.get()" is null
</failure>
  </testcase>
  <testcase name="testTemplatesPageElementsInteraction" classname="UnbxdTests.testNG.consoleui.MHtinderLikeBehaviorTemplateTest" time="7.563"/>
  <testcase name="testTemplatesPageElementsInteraction" classname="UnbxdTests.testNG.consoleui.MHtinderLikeBehaviorTemplateTest" time="7.563">
    <failure message="Cannot invoke &quot;com.aventstack.extentreports.ExtentTest.createNode(String, String)&quot; because the return value of &quot;java.lang.ThreadLocal.get()&quot; is null" type="java.lang.NullPointerException">java.lang.NullPointerException: Cannot invoke "com.aventstack.extentreports.ExtentTest.createNode(String, String)" because the return value of "java.lang.ThreadLocal.get()" is null
</failure>
  </testcase>
  <testcase name="testTemplatesPageElementsInteraction" classname="UnbxdTests.testNG.consoleui.DVexitIntentTemplateTest" time="8.035"/>
  <testcase name="testTemplatesPageElementsInteraction" classname="UnbxdTests.testNG.consoleui.DVexitIntentTemplateTest" time="8.036">
    <failure message="Cannot invoke &quot;com.aventstack.extentreports.ExtentTest.createNode(String, String)&quot; because the return value of &quot;java.lang.ThreadLocal.get()&quot; is null" type="java.lang.NullPointerException">java.lang.NullPointerException: Cannot invoke "com.aventstack.extentreports.ExtentTest.createNode(String, String)" because the return value of "java.lang.ThreadLocal.get()" is null
</failure>
  </testcase>
  <testcase name="testTemplatesPageElementsInteraction" classname="UnbxdTests.testNG.consoleui.DHBoutiqueTemplateTest" time="3.231"/>
  <testcase name="testTemplatesPageElementsInteraction" classname="UnbxdTests.testNG.consoleui.DHBoutiqueTemplateTest" time="3.232">
    <failure message="Cannot invoke &quot;com.aventstack.extentreports.ExtentTest.createNode(String, String)&quot; because the return value of &quot;java.lang.ThreadLocal.get()&quot; is null" type="java.lang.NullPointerException">java.lang.NullPointerException: Cannot invoke "com.aventstack.extentreports.ExtentTest.createNode(String, String)" because the return value of "java.lang.ThreadLocal.get()" is null
</failure>
  </testcase>
  <testcase name="testTemplatesPageElementsInteraction" classname="UnbxdTests.testNG.consoleui.MVstandardWidgetTemplateTest" time="44.42">
    <failure message="element not interactable&#10;  (Session info: chrome=137.0.7151.69)&#10;  (Driver info: chromedriver=136.0.7103.92 (cb81a4cc5087a8303a6c8827ee2b80b71d26e334-refs/branch-heads/7103@{#1840}),platform=Mac OS X 14.7.6 x86_64) (WARNING: The server did not provide any stacktrace information)&#10;Command duration or timeout: 20.04 seconds&#10;Build info: version: &apos;2.53.1&apos;, revision: &apos;a36b8b1cd5757287168e54b817830adce9b0158d&apos;, time: &apos;2016-06-30 19:26:09&apos;&#10;System info: host: &apos;akhilsurigi.local&apos;, ip: &apos;127.0.0.1&apos;, os.name: &apos;Mac OS X&apos;, os.arch: &apos;x86_64&apos;, os.version: &apos;14.7.6&apos;, java.version: &apos;17.0.11&apos;&#10;Driver info: org.openqa.selenium.chrome.ChromeDriver&#10;Capabilities [{mobileEmulationEnabled=false, timeouts={implicit=0, pageLoad=300000, script=30000}, hasTouchScreen=false, platform=MAC, acceptSslCerts=false, goog:chromeOptions={debuggerAddress=localhost:51993}, webauthn:extension:credBlob=true, acceptInsecureCerts=false, fedcm:accounts=true, webStorageEnabled=true, browserName=chrome, takesScreenshot=true, javascriptEnabled=true, setWindowRect=true, webauthn:extension:largeBlob=true, unexpectedAlertBehaviour=ignore, rotatable=false, networkConnectionEnabled=false, chrome={chromedriverVersion=136.0.7103.92 (cb81a4cc5087a8303a6c8827ee2b80b71d26e334-refs/branch-heads/7103@{#1840}), userDataDir=/var/folders/jq/g7t0y59s7lnbqlgfqv3kgyph0000gn/T/.org.chromium.Chromium.wBoS92}, takesHeapSnapshot=true, pageLoadStrategy=normal, strictFileInteractability=false, databaseEnabled=false, handlesAlerts=true, version=137.0.7151.69, browserConnectionEnabled=false, proxy={}, nativeEvents=true, webauthn:extension:minPinLength=true, webauthn:extension:prf=true, locationContextEnabled=true, cssSelectorsEnabled=true, webauthn:virtualAuthenticators=true}]&#10;Session ID: 39e3aa1ef3f05ebd493c9189628ef5ad" type="org.openqa.selenium.ElementNotVisibleException">org.openqa.selenium.ElementNotVisibleException: 
element not interactable
  (Session info: chrome=137.0.7151.69)
  (Driver info: chromedriver=136.0.7103.92 (cb81a4cc5087a8303a6c8827ee2b80b71d26e334-refs/branch-heads/7103@{#1840}),platform=Mac OS X 14.7.6 x86_64) (WARNING: The server did not provide any stacktrace information)
Command duration or timeout: 20.04 seconds
Build info: version: '2.53.1', revision: 'a36b8b1cd5757287168e54b817830adce9b0158d', time: '2016-06-30 19:26:09'
System info: host: 'akhilsurigi.local', ip: '127.0.0.1', os.name: 'Mac OS X', os.arch: 'x86_64', os.version: '14.7.6', java.version: '17.0.11'
Driver info: org.openqa.selenium.chrome.ChromeDriver
Capabilities [{mobileEmulationEnabled=false, timeouts={implicit=0, pageLoad=300000, script=30000}, hasTouchScreen=false, platform=MAC, acceptSslCerts=false, goog:chromeOptions={debuggerAddress=localhost:51993}, webauthn:extension:credBlob=true, acceptInsecureCerts=false, fedcm:accounts=true, webStorageEnabled=true, browserName=chrome, takesScreenshot=true, javascriptEnabled=true, setWindowRect=true, webauthn:extension:largeBlob=true, unexpectedAlertBehaviour=ignore, rotatable=false, networkConnectionEnabled=false, chrome={chromedriverVersion=136.0.7103.92 (cb81a4cc5087a8303a6c8827ee2b80b71d26e334-refs/branch-heads/7103@{#1840}), userDataDir=/var/folders/jq/g7t0y59s7lnbqlgfqv3kgyph0000gn/T/.org.chromium.Chromium.wBoS92}, takesHeapSnapshot=true, pageLoadStrategy=normal, strictFileInteractability=false, databaseEnabled=false, handlesAlerts=true, version=137.0.7151.69, browserConnectionEnabled=false, proxy={}, nativeEvents=true, webauthn:extension:minPinLength=true, webauthn:extension:prf=true, locationContextEnabled=true, cssSelectorsEnabled=true, webauthn:virtualAuthenticators=true}]
Session ID: 39e3aa1ef3f05ebd493c9189628ef5ad
	at UnbxdTests.testNG.consoleui.MVstandardWidgetTemplateTest.testTemplatesPageElementsInteraction(MVstandardWidgetTemplateTest.java:45)
</failure>
    <system-out><![CDATA[Removing the Context userId: 1 , SiteId: 1[DEBUG] About to click the Create button in TemplatesActions1.clickCreateButton()
[DEBUG] Template name to be entered: autoTemplate1749708626135
[DEBUG] TemplateType: Boutique
[DEBUG] widgetSize: 700
]]></system-out>
    <system-err><![CDATA[Exception in thread "TestNG-test=Templates-1" java.lang.NullPointerException: Cannot invoke "com.aventstack.extentreports.ExtentTest.createNode(String, String)" because the return value of "java.lang.ThreadLocal.get()" is null
	at core.reporting.ExtentTestNGITestListener.onTestFailure(ExtentTestNGITestListener.java:46)
	at org.testng.internal.TestListenerHelper.runTestListeners(TestListenerHelper.java:99)
	at org.testng.internal.invokers.TestInvoker.runTestResultListener(TestInvoker.java:277)
	at org.testng.internal.invokers.TestInvoker$MethodInvocationAgent.invoke(TestInvoker.java:985)
	at org.testng.internal.invokers.TestInvoker.invokeTestMethods(TestInvoker.java:194)
	at org.testng.internal.invokers.TestMethodWorker.invokeTestMethods(TestMethodWorker.java:148)
	at org.testng.internal.invokers.TestMethodWorker.run(TestMethodWorker.java:128)
	at java.base/java.util.concurrent.ThreadPoolExecutor.runWorker(ThreadPoolExecutor.java:1136)
	at java.base/java.util.concurrent.ThreadPoolExecutor$Worker.run(ThreadPoolExecutor.java:635)
	at java.base/java.lang.Thread.run(Thread.java:840)
]]></system-err>
  </testcase>
  <testcase name="testTemplatesPageElementsInteraction" classname="UnbxdTests.testNG.consoleui.MVstandardWidgetTemplateTest" time="44.42">
    <failure message="Cannot invoke &quot;com.aventstack.extentreports.ExtentTest.createNode(String, String)&quot; because the return value of &quot;java.lang.ThreadLocal.get()&quot; is null" type="java.lang.NullPointerException">java.lang.NullPointerException: Cannot invoke "com.aventstack.extentreports.ExtentTest.createNode(String, String)" because the return value of "java.lang.ThreadLocal.get()" is null
</failure>
  </testcase>
  <testcase name="testTemplatesPageElementsInteraction" classname="UnbxdTests.testNG.consoleui.MVtinderLikeBehaviorTemplateTest" time="55.429">
    <failure message="element not interactable&#10;  (Session info: chrome=137.0.7151.69)&#10;  (Driver info: chromedriver=136.0.7103.92 (cb81a4cc5087a8303a6c8827ee2b80b71d26e334-refs/branch-heads/7103@{#1840}),platform=Mac OS X 14.7.6 x86_64) (WARNING: The server did not provide any stacktrace information)&#10;Command duration or timeout: 20.02 seconds&#10;Build info: version: &apos;2.53.1&apos;, revision: &apos;a36b8b1cd5757287168e54b817830adce9b0158d&apos;, time: &apos;2016-06-30 19:26:09&apos;&#10;System info: host: &apos;akhilsurigi.local&apos;, ip: &apos;127.0.0.1&apos;, os.name: &apos;Mac OS X&apos;, os.arch: &apos;x86_64&apos;, os.version: &apos;14.7.6&apos;, java.version: &apos;17.0.11&apos;&#10;Driver info: org.openqa.selenium.chrome.ChromeDriver&#10;Capabilities [{mobileEmulationEnabled=false, timeouts={implicit=0, pageLoad=300000, script=30000}, hasTouchScreen=false, platform=MAC, acceptSslCerts=false, goog:chromeOptions={debuggerAddress=localhost:52064}, webauthn:extension:credBlob=true, acceptInsecureCerts=false, fedcm:accounts=true, webStorageEnabled=true, browserName=chrome, takesScreenshot=true, javascriptEnabled=true, setWindowRect=true, webauthn:extension:largeBlob=true, unexpectedAlertBehaviour=ignore, rotatable=false, networkConnectionEnabled=false, chrome={chromedriverVersion=136.0.7103.92 (cb81a4cc5087a8303a6c8827ee2b80b71d26e334-refs/branch-heads/7103@{#1840}), userDataDir=/var/folders/jq/g7t0y59s7lnbqlgfqv3kgyph0000gn/T/.org.chromium.Chromium.TEcesQ}, takesHeapSnapshot=true, pageLoadStrategy=normal, strictFileInteractability=false, databaseEnabled=false, handlesAlerts=true, version=137.0.7151.69, browserConnectionEnabled=false, proxy={}, nativeEvents=true, webauthn:extension:minPinLength=true, webauthn:extension:prf=true, locationContextEnabled=true, cssSelectorsEnabled=true, webauthn:virtualAuthenticators=true}]&#10;Session ID: 6518ec1265c474bfeafcc2d0ce26428d" type="org.openqa.selenium.ElementNotVisibleException">org.openqa.selenium.ElementNotVisibleException: 
element not interactable
  (Session info: chrome=137.0.7151.69)
  (Driver info: chromedriver=136.0.7103.92 (cb81a4cc5087a8303a6c8827ee2b80b71d26e334-refs/branch-heads/7103@{#1840}),platform=Mac OS X 14.7.6 x86_64) (WARNING: The server did not provide any stacktrace information)
Command duration or timeout: 20.02 seconds
Build info: version: '2.53.1', revision: 'a36b8b1cd5757287168e54b817830adce9b0158d', time: '2016-06-30 19:26:09'
System info: host: 'akhilsurigi.local', ip: '127.0.0.1', os.name: 'Mac OS X', os.arch: 'x86_64', os.version: '14.7.6', java.version: '17.0.11'
Driver info: org.openqa.selenium.chrome.ChromeDriver
Capabilities [{mobileEmulationEnabled=false, timeouts={implicit=0, pageLoad=300000, script=30000}, hasTouchScreen=false, platform=MAC, acceptSslCerts=false, goog:chromeOptions={debuggerAddress=localhost:52064}, webauthn:extension:credBlob=true, acceptInsecureCerts=false, fedcm:accounts=true, webStorageEnabled=true, browserName=chrome, takesScreenshot=true, javascriptEnabled=true, setWindowRect=true, webauthn:extension:largeBlob=true, unexpectedAlertBehaviour=ignore, rotatable=false, networkConnectionEnabled=false, chrome={chromedriverVersion=136.0.7103.92 (cb81a4cc5087a8303a6c8827ee2b80b71d26e334-refs/branch-heads/7103@{#1840}), userDataDir=/var/folders/jq/g7t0y59s7lnbqlgfqv3kgyph0000gn/T/.org.chromium.Chromium.TEcesQ}, takesHeapSnapshot=true, pageLoadStrategy=normal, strictFileInteractability=false, databaseEnabled=false, handlesAlerts=true, version=137.0.7151.69, browserConnectionEnabled=false, proxy={}, nativeEvents=true, webauthn:extension:minPinLength=true, webauthn:extension:prf=true, locationContextEnabled=true, cssSelectorsEnabled=true, webauthn:virtualAuthenticators=true}]
Session ID: 6518ec1265c474bfeafcc2d0ce26428d
	at UnbxdTests.testNG.consoleui.MVtinderLikeBehaviorTemplateTest.testTemplatesPageElementsInteraction(MVtinderLikeBehaviorTemplateTest.java:45)
</failure>
    <system-out><![CDATA[Removing the Context userId: 1 , SiteId: 1]]></system-out>
    <system-err><![CDATA[Exception in thread "TestNG-test=Templates-13" java.lang.NullPointerException: Cannot invoke "com.aventstack.extentreports.ExtentTest.createNode(String, String)" because the return value of "java.lang.ThreadLocal.get()" is null
	at core.reporting.ExtentTestNGITestListener.onTestFailure(ExtentTestNGITestListener.java:46)
	at org.testng.internal.TestListenerHelper.runTestListeners(TestListenerHelper.java:99)
	at org.testng.internal.invokers.TestInvoker.runTestResultListener(TestInvoker.java:277)
	at org.testng.internal.invokers.TestInvoker$MethodInvocationAgent.invoke(TestInvoker.java:985)
	at org.testng.internal.invokers.TestInvoker.invokeTestMethods(TestInvoker.java:194)
	at org.testng.internal.invokers.TestMethodWorker.invokeTestMethods(TestMethodWorker.java:148)
	at org.testng.internal.invokers.TestMethodWorker.run(TestMethodWorker.java:128)
	at java.base/java.util.concurrent.ThreadPoolExecutor.runWorker(ThreadPoolExecutor.java:1136)
	at java.base/java.util.concurrent.ThreadPoolExecutor$Worker.run(ThreadPoolExecutor.java:635)
	at java.base/java.lang.Thread.run(Thread.java:840)
]]></system-err>
  </testcase>
  <testcase name="testTemplatesPageElementsInteraction" classname="UnbxdTests.testNG.consoleui.MVtinderLikeBehaviorTemplateTest" time="55.429">
    <failure message="Cannot invoke &quot;com.aventstack.extentreports.ExtentTest.createNode(String, String)&quot; because the return value of &quot;java.lang.ThreadLocal.get()&quot; is null" type="java.lang.NullPointerException">java.lang.NullPointerException: Cannot invoke "com.aventstack.extentreports.ExtentTest.createNode(String, String)" because the return value of "java.lang.ThreadLocal.get()" is null
</failure>
  </testcase>
  <testcase name="testTemplatesPageElementsInteraction" classname="UnbxdTests.testNG.consoleui.MVinstagramLikeBehaviorTemplateTest" time="149.622"/>
  <testcase name="testTemplatesPageElementsInteraction" classname="UnbxdTests.testNG.consoleui.MVinstagramLikeBehaviorTemplateTest" time="149.622">
    <failure message="Cannot invoke &quot;com.aventstack.extentreports.ExtentTest.createNode(String, String)&quot; because the return value of &quot;java.lang.ThreadLocal.get()&quot; is null" type="java.lang.NullPointerException">java.lang.NullPointerException: Cannot invoke "com.aventstack.extentreports.ExtentTest.createNode(String, String)" because the return value of "java.lang.ThreadLocal.get()" is null
</failure>
  </testcase>
</testsuite>